<?xml version="1.0" encoding="UTF-8"?>
<!-- Generated by org.testng.reporters.JUnitReportReporter -->
<testsuite hostname="venkatachalam" name="testcases.TC002_LoginNegative" tests="4" failures="0" timestamp="9 Dec 2017 13:28:16 GMT" time="38.866" errors="0">
  <testcase name="loginFail" time="9.913" classname="testcases.TC002_LoginNegative"/>
  <testcase name="loginFail" time="10.014" classname="testcases.TC002_LoginNegative"/>
  <testcase name="loginFail" time="9.343" classname="testcases.TC002_LoginNegative"/>
  <testcase name="loginFail" time="9.596" classname="testcases.TC002_LoginNegative"/>
</testsuite> <!-- testcases.TC002_LoginNegative -->
