<?xml version="1.0" encoding="UTF-8"?>
<!-- Generated by org.testng.reporters.JUnitReportReporter -->
<testsuite skipped="0" hostname="IN00217" name="com.ssp.testscripts.regression.UXP_EC_1613" tests="1" failures="1" timestamp="29 Jun 2018 10:46:50 GMT" time="423.813" errors="0">
  <testcase name="TC_337_340_342_374_375" time="423.813" classname="com.ssp.testscripts.regression.UXP_EC_1613">
    <failure type="java.lang.AssertionError" message="Test Failed.">
      <![CDATA[java.lang.AssertionError: Test Failed.
at org.testng.Assert.fail(Assert.java:96)
at com.ssp.support.Log.fail(Log.java:681)
at com.ssp.support.Log.testCaseResult(Log.java:289)
at com.ssp.testscripts.regression.UXP_EC_1613.TC_337_340_342_374_375(UXP_EC_1613.java:256)
at sun.reflect.NativeMethodAccessorImpl.invoke0(Native Method)
at sun.reflect.NativeMethodAccessorImpl.invoke(Unknown Source)
at sun.reflect.DelegatingMethodAccessorImpl.invoke(Unknown Source)
at java.lang.reflect.Method.invoke(Unknown Source)
at org.testng.internal.MethodInvocationHelper.invokeMethod(MethodInvocationHelper.java:124)
at org.testng.internal.Invoker.invokeMethod(Invoker.java:580)
at org.testng.internal.Invoker.invokeTestMethod(Invoker.java:716)
at org.testng.internal.TestMethodWithDataProviderMethodWorker.call(TestMethodWithDataProviderMethodWorker.java:71)
at org.testng.internal.TestMethodWithDataProviderMethodWorker.call(TestMethodWithDataProviderMethodWorker.java:14)
at java.util.concurrent.FutureTask.run(Unknown Source)
at java.util.concurrent.Executors$RunnableAdapter.call(Unknown Source)
at java.util.concurrent.FutureTask.run(Unknown Source)
at java.util.concurrent.ThreadPoolExecutor.runWorker(Unknown Source)
at java.util.concurrent.ThreadPoolExecutor$Worker.run(Unknown Source)
at java.lang.Thread.run(Unknown Source)
]]>
    </failure>
  </testcase> <!-- TC_337_340_342_374_375 -->
</testsuite> <!-- com.ssp.testscripts.regression.UXP_EC_1613 -->
