<?xml version="1.0" encoding="UTF-8"?>
<!-- Generated by org.testng.reporters.JUnitReportReporter -->
<testsuite skipped="0" hostname="gui0999" name="com.ssp.testscripts.ss.UXP_SS" tests="5" failures="3" timestamp="26 Sep 2017 11:14:21 GMT" time="670.808" errors="0">
  <testcase name="tcHoodSS007" time="98.607" classname="com.ssp.testscripts.ss.UXP_SS">
    <failure type="java.lang.AssertionError" message="Test Failed. ">
      <![CDATA[java.lang.AssertionError: Test Failed. 
	at org.testng.Assert.fail(Assert.java:93)
	at com.ssp.support.Log.fail(Log.java:681)
	at com.ssp.support.Log.testCaseResult(Log.java:275)
	at com.ssp.testscripts.ss.UXP_SS.tcHoodSS007(UXP_SS.java:655)
	at sun.reflect.NativeMethodAccessorImpl.invoke0(Native Method)
	at sun.reflect.NativeMethodAccessorImpl.invoke(Unknown Source)
	at sun.reflect.DelegatingMethodAccessorImpl.invoke(Unknown Source)
	at java.lang.reflect.Method.invoke(Unknown Source)
	at org.testng.internal.MethodInvocationHelper.invokeMethod(MethodInvocationHelper.java:108)
	at org.testng.internal.Invoker.invokeMethod(Invoker.java:661)
	at org.testng.internal.Invoker.invokeTestMethod(Invoker.java:869)
	at org.testng.internal.TestMethodWithDataProviderMethodWorker.call(TestMethodWithDataProviderMethodWorker.java:75)
	at org.testng.internal.TestMethodWithDataProviderMethodWorker.call(TestMethodWithDataProviderMethodWorker.java:14)
	at java.util.concurrent.FutureTask.run(Unknown Source)
	at java.util.concurrent.Executors$RunnableAdapter.call(Unknown Source)
	at java.util.concurrent.FutureTask.run(Unknown Source)
	at java.util.concurrent.ThreadPoolExecutor.runWorker(Unknown Source)
	at java.util.concurrent.ThreadPoolExecutor$Worker.run(Unknown Source)
	at java.lang.Thread.run(Unknown Source)
]]>
    </failure>
  </testcase> <!-- tcHoodSS007 -->
  <testcase name="tcHoodSS005" time="124.593" classname="com.ssp.testscripts.ss.UXP_SS">
    <failure type="java.lang.AssertionError" message="Test Failed. ">
      <![CDATA[java.lang.AssertionError: Test Failed. 
	at org.testng.Assert.fail(Assert.java:93)
	at com.ssp.support.Log.fail(Log.java:681)
	at com.ssp.support.Log.testCaseResult(Log.java:275)
	at com.ssp.testscripts.ss.UXP_SS.tcHoodSS005(UXP_SS.java:466)
	at sun.reflect.NativeMethodAccessorImpl.invoke0(Native Method)
	at sun.reflect.NativeMethodAccessorImpl.invoke(Unknown Source)
	at sun.reflect.DelegatingMethodAccessorImpl.invoke(Unknown Source)
	at java.lang.reflect.Method.invoke(Unknown Source)
	at org.testng.internal.MethodInvocationHelper.invokeMethod(MethodInvocationHelper.java:108)
	at org.testng.internal.Invoker.invokeMethod(Invoker.java:661)
	at org.testng.internal.Invoker.invokeTestMethod(Invoker.java:869)
	at org.testng.internal.TestMethodWithDataProviderMethodWorker.call(TestMethodWithDataProviderMethodWorker.java:75)
	at org.testng.internal.TestMethodWithDataProviderMethodWorker.call(TestMethodWithDataProviderMethodWorker.java:14)
	at java.util.concurrent.FutureTask.run(Unknown Source)
	at java.util.concurrent.Executors$RunnableAdapter.call(Unknown Source)
	at java.util.concurrent.FutureTask.run(Unknown Source)
	at java.util.concurrent.ThreadPoolExecutor.runWorker(Unknown Source)
	at java.util.concurrent.ThreadPoolExecutor$Worker.run(Unknown Source)
	at java.lang.Thread.run(Unknown Source)
]]>
    </failure>
  </testcase> <!-- tcHoodSS005 -->
  <testcase name="tcHoodSS008" time="111.413" classname="com.ssp.testscripts.ss.UXP_SS">
    <failure type="java.lang.AssertionError" message="Test Failed. ">
      <![CDATA[java.lang.AssertionError: Test Failed. 
	at org.testng.Assert.fail(Assert.java:93)
	at com.ssp.support.Log.fail(Log.java:681)
	at com.ssp.support.Log.testCaseResult(Log.java:275)
	at com.ssp.testscripts.ss.UXP_SS.tcHoodSS008(UXP_SS.java:737)
	at sun.reflect.NativeMethodAccessorImpl.invoke0(Native Method)
	at sun.reflect.NativeMethodAccessorImpl.invoke(Unknown Source)
	at sun.reflect.DelegatingMethodAccessorImpl.invoke(Unknown Source)
	at java.lang.reflect.Method.invoke(Unknown Source)
	at org.testng.internal.MethodInvocationHelper.invokeMethod(MethodInvocationHelper.java:108)
	at org.testng.internal.Invoker.invokeMethod(Invoker.java:661)
	at org.testng.internal.Invoker.invokeTestMethod(Invoker.java:869)
	at org.testng.internal.TestMethodWithDataProviderMethodWorker.call(TestMethodWithDataProviderMethodWorker.java:75)
	at org.testng.internal.TestMethodWithDataProviderMethodWorker.call(TestMethodWithDataProviderMethodWorker.java:14)
	at java.util.concurrent.FutureTask.run(Unknown Source)
	at java.util.concurrent.Executors$RunnableAdapter.call(Unknown Source)
	at java.util.concurrent.FutureTask.run(Unknown Source)
	at java.util.concurrent.ThreadPoolExecutor.runWorker(Unknown Source)
	at java.util.concurrent.ThreadPoolExecutor$Worker.run(Unknown Source)
	at java.lang.Thread.run(Unknown Source)
]]>
    </failure>
  </testcase> <!-- tcHoodSS008 -->
  <testcase name="tcHoodSS009" time="218.274" classname="com.ssp.testscripts.ss.UXP_SS"/>
  <testcase name="tcHoodSS006" time="117.921" classname="com.ssp.testscripts.ss.UXP_SS"/>
</testsuite> <!-- com.ssp.testscripts.ss.UXP_SS -->
