<?xml version="1.0" encoding="UTF-8"?>
<!-- Generated by org.testng.reporters.JUnitXMLReporter -->
<testsuite hostname="aspirenav145" ignored="25" name="UXP_PBPhase2" tests="1" failures="0" timestamp="09 Apr 2018 10:35:03 GMT" time="3172.238" errors="0">
  <testcase name="TC_026" time="3162.253" classname="com.pure.selfservice.testscripts.PB_Household"/>
  <testcase name="TC_001" time="0.0" classname="com.pure.selfservice.testscripts.PB_Household">
    <ignored/>
  </testcase> <!-- TC_001 -->
  <testcase name="TC_023" time="0.0" classname="com.pure.selfservice.testscripts.PB_Household">
    <ignored/>
  </testcase> <!-- TC_023 -->
  <testcase name="TC_024" time="0.0" classname="com.pure.selfservice.testscripts.PB_Household">
    <ignored/>
  </testcase> <!-- TC_024 -->
  <testcase name="TC_002" time="0.0" classname="com.pure.selfservice.testscripts.PB_Household">
    <ignored/>
  </testcase> <!-- TC_002 -->
  <testcase name="TC_022" time="0.0" classname="com.pure.selfservice.testscripts.PB_Household">
    <ignored/>
  </testcase> <!-- TC_022 -->
  <testcase name="TC_005" time="0.0" classname="com.pure.selfservice.testscripts.PB_Household">
    <ignored/>
  </testcase> <!-- TC_005 -->
  <testcase name="TC_006" time="0.0" classname="com.pure.selfservice.testscripts.PB_Household">
    <ignored/>
  </testcase> <!-- TC_006 -->
  <testcase name="TC_003" time="0.0" classname="com.pure.selfservice.testscripts.PB_Household">
    <ignored/>
  </testcase> <!-- TC_003 -->
  <testcase name="TC_025" time="0.0" classname="com.pure.selfservice.testscripts.PB_Household">
    <ignored/>
  </testcase> <!-- TC_025 -->
  <testcase name="TC_004" time="0.0" classname="com.pure.selfservice.testscripts.PB_Household">
    <ignored/>
  </testcase> <!-- TC_004 -->
  <testcase name="TC_009" time="0.0" classname="com.pure.selfservice.testscripts.PB_Household">
    <ignored/>
  </testcase> <!-- TC_009 -->
  <testcase name="TC_008" time="0.0" classname="com.pure.selfservice.testscripts.PB_Household">
    <ignored/>
  </testcase> <!-- TC_008 -->
  <testcase name="TC_010" time="0.0" classname="com.pure.selfservice.testscripts.PB_Household">
    <ignored/>
  </testcase> <!-- TC_010 -->
  <testcase name="TC_018" time="0.0" classname="com.pure.selfservice.testscripts.PB_Household">
    <ignored/>
  </testcase> <!-- TC_018 -->
  <testcase name="TC_012" time="0.0" classname="com.pure.selfservice.testscripts.PB_Household">
    <ignored/>
  </testcase> <!-- TC_012 -->
  <testcase name="TC_013" time="0.0" classname="com.pure.selfservice.testscripts.PB_Household">
    <ignored/>
  </testcase> <!-- TC_013 -->
  <testcase name="TC_011" time="0.0" classname="com.pure.selfservice.testscripts.PB_Household">
    <ignored/>
  </testcase> <!-- TC_011 -->
  <testcase name="TC_016" time="0.0" classname="com.pure.selfservice.testscripts.PB_Household">
    <ignored/>
  </testcase> <!-- TC_016 -->
  <testcase name="TC_017" time="0.0" classname="com.pure.selfservice.testscripts.PB_Household">
    <ignored/>
  </testcase> <!-- TC_017 -->
  <testcase name="TC_014" time="0.0" classname="com.pure.selfservice.testscripts.PB_Household">
    <ignored/>
  </testcase> <!-- TC_014 -->
  <testcase name="TC_015" time="0.0" classname="com.pure.selfservice.testscripts.PB_Household">
    <ignored/>
  </testcase> <!-- TC_015 -->
  <testcase name="TC_019" time="0.0" classname="com.pure.selfservice.testscripts.PB_Household">
    <ignored/>
  </testcase> <!-- TC_019 -->
  <testcase name="TC_021" time="0.0" classname="com.pure.selfservice.testscripts.PB_Household">
    <ignored/>
  </testcase> <!-- TC_021 -->
  <testcase name="TC_007" time="0.0" classname="com.pure.selfservice.testscripts.PB_Household">
    <ignored/>
  </testcase> <!-- TC_007 -->
  <testcase name="TC_020" time="0.0" classname="com.pure.selfservice.testscripts.PB_Household">
    <ignored/>
  </testcase> <!-- TC_020 -->
</testsuite> <!-- UXP_PBPhase2 -->
