<?xml version="1.0" encoding="UTF-8"?>
<!-- Generated by org.testng.reporters.JUnitXMLReporter -->
<testsuite hostname="aspirenav145" ignored="84" name="UXP_MTA_DataCapture_3624" tests="1" failures="0" timestamp="17 Mar 2018 13:23:58 GMT" time="2.561" errors="0">
  <testcase name="TC_241_242" time="0.0" classname="com.pure.MTA.testscripts.MTA_3624">
    <skipped/>
  </testcase> <!-- TC_241_242 -->
  <testcase name="TC_037_038_039_040" time="0.0" classname="com.pure.MTA.testscripts.MTA_3624">
    <ignored/>
  </testcase> <!-- TC_037_038_039_040 -->
  <testcase name="TC_012_022_030" time="0.0" classname="com.pure.MTA.testscripts.MTA_3624">
    <ignored/>
  </testcase> <!-- TC_012_022_030 -->
  <testcase name="TC_031_036" time="0.0" classname="com.pure.MTA.testscripts.MTA_3624">
    <ignored/>
  </testcase> <!-- TC_031_036 -->
  <testcase name="TC_059" time="0.0" classname="com.pure.MTA.testscripts.MTA_3624">
    <ignored/>
  </testcase> <!-- TC_059 -->
  <testcase name="TC_256" time="0.0" classname="com.pure.MTA.testscripts.MTA_3624">
    <ignored/>
  </testcase> <!-- TC_256 -->
  <testcase name="TC_190_191" time="0.0" classname="com.pure.MTA.testscripts.MTA_3624">
    <ignored/>
  </testcase> <!-- TC_190_191 -->
  <testcase name="TC_085_086" time="0.0" classname="com.pure.MTA.testscripts.MTA_3624">
    <ignored/>
  </testcase> <!-- TC_085_086 -->
  <testcase name="TC_260" time="0.0" classname="com.pure.MTA.testscripts.MTA_3624">
    <ignored/>
  </testcase> <!-- TC_260 -->
  <testcase name="TC_141" time="0.0" classname="com.pure.MTA.testscripts.MTA_3624">
    <ignored/>
  </testcase> <!-- TC_141 -->
  <testcase name="TC_140" time="0.0" classname="com.pure.MTA.testscripts.MTA_3624">
    <ignored/>
  </testcase> <!-- TC_140 -->
  <testcase name="TC_143" time="0.0" classname="com.pure.MTA.testscripts.MTA_3624">
    <ignored/>
  </testcase> <!-- TC_143 -->
  <testcase name="TC_264" time="0.0" classname="com.pure.MTA.testscripts.MTA_3624">
    <ignored/>
  </testcase> <!-- TC_264 -->
  <testcase name="TC_142" time="0.0" classname="com.pure.MTA.testscripts.MTA_3624">
    <ignored/>
  </testcase> <!-- TC_142 -->
  <testcase name="TC_184_188_189" time="0.0" classname="com.pure.MTA.testscripts.MTA_3624">
    <ignored/>
  </testcase> <!-- TC_184_188_189 -->
  <testcase name="TC_263" time="0.0" classname="com.pure.MTA.testscripts.MTA_3624">
    <ignored/>
  </testcase> <!-- TC_263 -->
  <testcase name="TC_082_083_084" time="0.0" classname="com.pure.MTA.testscripts.MTA_3624">
    <ignored/>
  </testcase> <!-- TC_082_083_084 -->
  <testcase name="TC_134_135" time="0.0" classname="com.pure.MTA.testscripts.MTA_3624">
    <ignored/>
  </testcase> <!-- TC_134_135 -->
  <testcase name="TC_229" time="0.0" classname="com.pure.MTA.testscripts.MTA_3624">
    <ignored/>
  </testcase> <!-- TC_229 -->
  <testcase name="TC_131_133" time="0.0" classname="com.pure.MTA.testscripts.MTA_3624">
    <ignored/>
  </testcase> <!-- TC_131_133 -->
  <testcase name="TC_041_052_054_055_056" time="0.0" classname="com.pure.MTA.testscripts.MTA_3624">
    <ignored/>
  </testcase> <!-- TC_041_052_054_055_056 -->
  <testcase name="TC_145" time="0.0" classname="com.pure.MTA.testscripts.MTA_3624">
    <ignored/>
  </testcase> <!-- TC_145 -->
  <testcase name="TC_268" time="0.0" classname="com.pure.MTA.testscripts.MTA_3624">
    <ignored/>
  </testcase> <!-- TC_268 -->
  <testcase name="TC_146" time="0.0" classname="com.pure.MTA.testscripts.MTA_3624">
    <ignored/>
  </testcase> <!-- TC_146 -->
  <testcase name="TC_223" time="0.0" classname="com.pure.MTA.testscripts.MTA_3624">
    <ignored/>
  </testcase> <!-- TC_223 -->
  <testcase name="TC_254_255" time="0.0" classname="com.pure.MTA.testscripts.MTA_3624">
    <ignored/>
  </testcase> <!-- TC_254_255 -->
  <testcase name="TC_102" time="0.0" classname="com.pure.MTA.testscripts.MTA_3624">
    <ignored/>
  </testcase> <!-- TC_102 -->
  <testcase name="TC_105" time="0.0" classname="com.pure.MTA.testscripts.MTA_3624">
    <ignored/>
  </testcase> <!-- TC_105 -->
  <testcase name="TC_269" time="0.0" classname="com.pure.MTA.testscripts.MTA_3624">
    <ignored/>
  </testcase> <!-- TC_269 -->
  <testcase name="TC_148" time="0.0" classname="com.pure.MTA.testscripts.MTA_3624">
    <ignored/>
  </testcase> <!-- TC_148 -->
  <testcase name="TC_106" time="0.0" classname="com.pure.MTA.testscripts.MTA_3624">
    <ignored/>
  </testcase> <!-- TC_106 -->
  <testcase name="TC_192" time="0.0" classname="com.pure.MTA.testscripts.MTA_3624">
    <ignored/>
  </testcase> <!-- TC_192 -->
  <testcase name="TC_271" time="0.0" classname="com.pure.MTA.testscripts.MTA_3624">
    <ignored/>
  </testcase> <!-- TC_271 -->
  <testcase name="TC_073" time="0.0" classname="com.pure.MTA.testscripts.MTA_3624">
    <ignored/>
  </testcase> <!-- TC_073 -->
  <testcase name="TC_234_235" time="0.0" classname="com.pure.MTA.testscripts.MTA_3624">
    <ignored/>
  </testcase> <!-- TC_234_235 -->
  <testcase name="TC_273" time="0.0" classname="com.pure.MTA.testscripts.MTA_3624">
    <ignored/>
  </testcase> <!-- TC_273 -->
  <testcase name="TC_165_166" time="0.0" classname="com.pure.MTA.testscripts.MTA_3624">
    <ignored/>
  </testcase> <!-- TC_165_166 -->
  <testcase name="TC_110" time="0.0" classname="com.pure.MTA.testscripts.MTA_3624">
    <ignored/>
  </testcase> <!-- TC_110 -->
  <testcase name="TC_231" time="0.0" classname="com.pure.MTA.testscripts.MTA_3624">
    <ignored/>
  </testcase> <!-- TC_231 -->
  <testcase name="TC_130_132_147" time="0.0" classname="com.pure.MTA.testscripts.MTA_3624">
    <ignored/>
  </testcase> <!-- TC_130_132_147 -->
  <testcase name="TC_230" time="0.0" classname="com.pure.MTA.testscripts.MTA_3624">
    <ignored/>
  </testcase> <!-- TC_230 -->
  <testcase name="TC_060_061_062" time="0.0" classname="com.pure.MTA.testscripts.MTA_3624">
    <ignored/>
  </testcase> <!-- TC_060_061_062 -->
  <testcase name="TC_153_154" time="0.0" classname="com.pure.MTA.testscripts.MTA_3624">
    <ignored/>
  </testcase> <!-- TC_153_154 -->
  <testcase name="TC_213_218_219_220" time="0.0" classname="com.pure.MTA.testscripts.MTA_3624">
    <ignored/>
  </testcase> <!-- TC_213_218_219_220 -->
  <testcase name="TC_074_076_077_078" time="0.0" classname="com.pure.MTA.testscripts.MTA_3624">
    <ignored/>
  </testcase> <!-- TC_074_076_077_078 -->
  <testcase name="TC_245_247" time="0.0" classname="com.pure.MTA.testscripts.MTA_3624">
    <ignored/>
  </testcase> <!-- TC_245_247 -->
  <testcase name="TC_119" time="0.0" classname="com.pure.MTA.testscripts.MTA_3624">
    <ignored/>
  </testcase> <!-- TC_119 -->
  <testcase name="TC_257_258_259" time="0.0" classname="com.pure.MTA.testscripts.MTA_3624">
    <ignored/>
  </testcase> <!-- TC_257_258_259 -->
  <testcase name="TC_112" time="0.0" classname="com.pure.MTA.testscripts.MTA_3624">
    <ignored/>
  </testcase> <!-- TC_112 -->
  <testcase name="TC_057_058_063" time="0.0" classname="com.pure.MTA.testscripts.MTA_3624">
    <ignored/>
  </testcase> <!-- TC_057_058_063 -->
  <testcase name="TC_113" time="0.0" classname="com.pure.MTA.testscripts.MTA_3624">
    <ignored/>
  </testcase> <!-- TC_113 -->
  <testcase name="TC_237" time="0.0" classname="com.pure.MTA.testscripts.MTA_3624">
    <ignored/>
  </testcase> <!-- TC_237 -->
  <testcase name="TC_138_139" time="0.0" classname="com.pure.MTA.testscripts.MTA_3624">
    <ignored/>
  </testcase> <!-- TC_138_139 -->
  <testcase name="TC_248_249_250" time="0.0" classname="com.pure.MTA.testscripts.MTA_3624">
    <ignored/>
  </testcase> <!-- TC_248_249_250 -->
  <testcase name="TC_206_207" time="0.0" classname="com.pure.MTA.testscripts.MTA_3624">
    <ignored/>
  </testcase> <!-- TC_206_207 -->
  <testcase name="TC_236" time="0.0" classname="com.pure.MTA.testscripts.MTA_3624">
    <ignored/>
  </testcase> <!-- TC_236 -->
  <testcase name="TC_155_169_175_180_183_209_224_193" time="0.0" classname="com.pure.MTA.testscripts.MTA_3624">
    <ignored/>
  </testcase> <!-- TC_155_169_175_180_183_209_224_193 -->
  <testcase name="TC_128_129" time="0.0" classname="com.pure.MTA.testscripts.MTA_3624">
    <ignored/>
  </testcase> <!-- TC_128_129 -->
  <testcase name="TC_221_222" time="0.0" classname="com.pure.MTA.testscripts.MTA_3624">
    <ignored/>
  </testcase> <!-- TC_221_222 -->
  <testcase name="TC_163" time="0.0" classname="com.pure.MTA.testscripts.MTA_3624">
    <ignored/>
  </testcase> <!-- TC_163 -->
  <testcase name="TC_117_118" time="0.0" classname="com.pure.MTA.testscripts.MTA_3624">
    <ignored/>
  </testcase> <!-- TC_117_118 -->
  <testcase name="TC_088" time="0.0" classname="com.pure.MTA.testscripts.MTA_3624">
    <ignored/>
  </testcase> <!-- TC_088 -->
  <testcase name="TC_121" time="0.0" classname="com.pure.MTA.testscripts.MTA_3624">
    <ignored/>
  </testcase> <!-- TC_121 -->
  <testcase name="TC_087" time="0.0" classname="com.pure.MTA.testscripts.MTA_3624">
    <ignored/>
  </testcase> <!-- TC_087 -->
  <testcase name="TC_136_137_144" time="0.0" classname="com.pure.MTA.testscripts.MTA_3624">
    <ignored/>
  </testcase> <!-- TC_136_137_144 -->
  <testcase name="TC_208" time="0.0" classname="com.pure.MTA.testscripts.MTA_3624">
    <ignored/>
  </testcase> <!-- TC_208 -->
  <testcase name="TC_107_108" time="0.0" classname="com.pure.MTA.testscripts.MTA_3624">
    <ignored/>
  </testcase> <!-- TC_107_108 -->
  <testcase name="TC_002" time="0.0" classname="com.pure.MTA.testscripts.MTA_3624">
    <ignored/>
  </testcase> <!-- TC_002 -->
  <testcase name="TC_089" time="0.0" classname="com.pure.MTA.testscripts.MTA_3624">
    <ignored/>
  </testcase> <!-- TC_089 -->
  <testcase name="TC_004" time="0.0" classname="com.pure.MTA.testscripts.MTA_3624">
    <ignored/>
  </testcase> <!-- TC_004 -->
  <testcase name="TC_114_115" time="0.0" classname="com.pure.MTA.testscripts.MTA_3624">
    <ignored/>
  </testcase> <!-- TC_114_115 -->
  <testcase name="TC_168" time="0.0" classname="com.pure.MTA.testscripts.MTA_3624">
    <ignored/>
  </testcase> <!-- TC_168 -->
  <testcase name="TC_005" time="0.0" classname="com.pure.MTA.testscripts.MTA_3624">
    <ignored/>
  </testcase> <!-- TC_005 -->
  <testcase name="TC_156_161_164_167_162" time="0.0" classname="com.pure.MTA.testscripts.MTA_3624">
    <ignored/>
  </testcase> <!-- TC_156_161_164_167_162 -->
  <testcase name="TC_093" time="0.0" classname="com.pure.MTA.testscripts.MTA_3624">
    <ignored/>
  </testcase> <!-- TC_093 -->
  <testcase name="TC_092" time="0.0" classname="com.pure.MTA.testscripts.MTA_3624">
    <ignored/>
  </testcase> <!-- TC_092 -->
  <testcase name="TC_095" time="0.0" classname="com.pure.MTA.testscripts.MTA_3624">
    <ignored/>
  </testcase> <!-- TC_095 -->
  <testcase name="TC_051" time="0.0" classname="com.pure.MTA.testscripts.MTA_3624">
    <ignored/>
  </testcase> <!-- TC_051 -->
  <testcase name="TC_094" time="0.0" classname="com.pure.MTA.testscripts.MTA_3624">
    <ignored/>
  </testcase> <!-- TC_094 -->
  <testcase name="TC_096" time="0.0" classname="com.pure.MTA.testscripts.MTA_3624">
    <ignored/>
  </testcase> <!-- TC_096 -->
  <testcase name="TC_195_203_204_205" time="0.0" classname="com.pure.MTA.testscripts.MTA_3624">
    <ignored/>
  </testcase> <!-- TC_195_203_204_205 -->
  <testcase name="TC_253" time="0.0" classname="com.pure.MTA.testscripts.MTA_3624">
    <ignored/>
  </testcase> <!-- TC_253 -->
  <testcase name="TC_252" time="0.0" classname="com.pure.MTA.testscripts.MTA_3624">
    <ignored/>
  </testcase> <!-- TC_252 -->
  <testcase name="TC_261_262" time="0.0" classname="com.pure.MTA.testscripts.MTA_3624">
    <ignored/>
  </testcase> <!-- TC_261_262 -->
  <testcase name="TC_090" time="0.0" classname="com.pure.MTA.testscripts.MTA_3624">
    <ignored/>
  </testcase> <!-- TC_090 -->
</testsuite> <!-- UXP_MTA_DataCapture_3624 -->
