<?xml version="1.0" encoding="UTF-8"?>
<!-- Generated by org.testng.reporters.JUnitXMLReporter -->
<testsuite hostname="aspirenav296" ignored="0" name="UXP_SS_Login_1506" tests="17" failures="0" timestamp="05 Mar 2018 07:42:48 GMT" time="619.936" errors="0">
  <testcase name="TC_001_003" time="33.175" classname="com.pure.selfservice.testscripts.SS_1506"/>
  <testcase name="TC_008" time="35.665" classname="com.pure.selfservice.testscripts.SS_1506"/>
  <testcase name="TC_012" time="50.607" classname="com.pure.selfservice.testscripts.SS_1506"/>
  <testcase name="TC_021_022" time="21.697" classname="com.pure.selfservice.testscripts.SS_1506"/>
  <testcase name="TC_011" time="83.062" classname="com.pure.selfservice.testscripts.SS_1506"/>
  <testcase name="TC_029" time="107.609" classname="com.pure.selfservice.testscripts.SS_1506"/>
  <testcase name="TC_031" time="28.803" classname="com.pure.selfservice.testscripts.SS_1506"/>
  <testcase name="TC_Adh3" time="18.715" classname="com.pure.selfservice.testscripts.SS_1506"/>
  <testcase name="TC_027" time="189.739" classname="com.pure.selfservice.testscripts.SS_1506"/>
  <testcase name="TC_016" time="40.447" classname="com.pure.selfservice.testscripts.SS_1506"/>
  <testcase name="TC_018" time="47.899" classname="com.pure.selfservice.testscripts.SS_1506"/>
  <testcase name="TC_028" time="79.701" classname="com.pure.selfservice.testscripts.SS_1506"/>
  <testcase name="TC_073" time="161.169" classname="com.pure.selfservice.testscripts.SS_1506"/>
  <testcase name="TC_004" time="25.646" classname="com.pure.selfservice.testscripts.SS_1506"/>
  <testcase name="TC_009" time="39.06" classname="com.pure.selfservice.testscripts.SS_1506"/>
  <testcase name="TC_005_Setup" time="31.549" classname="com.pure.selfservice.testscripts.SS_1506"/>
  <testcase name="TC_005_Verification" time="13.839" classname="com.pure.selfservice.testscripts.SS_1506"/>
</testsuite> <!-- UXP_SS_Login_1506 -->
