<?xml version="1.0" encoding="UTF-8"?>
<!-- Generated by org.testng.reporters.JUnitXMLReporter -->
<testsuite hostname="aspirehyd119" ignored="14" name="UXP_Sprint_02" tests="1" failures="1" timestamp="01 Nov 2018 07:27:34 GMT" time="61.915" errors="0">
  <testcase name="TC_001" time="55.167" classname="com.pure.HouseHold.Smoke_Pack">
    <failure type="org.openqa.selenium.WebDriverException" message="chrome not reachable
  (Session info: chrome=70.0.3538.77)
  (Driver info: chromedriver=2.35.528161 (5b82f2d2aae0ca24b877009200ced9065a772e73),platform=Windows NT 10.0.15063 x86_64) (WARNING: The server did not provide any stacktrace information)
Command duration or timeout: 4.07 seconds
Build info: version: &amp;apos;3.4.0&amp;apos;, revision: &amp;apos;unknown&amp;apos;, time: &amp;apos;unknown&amp;apos;
System info: host: &amp;apos;ASPIREHYD119&amp;apos;, ip: &amp;apos;192.168.71.7&amp;apos;, os.name: &amp;apos;Windows 10&amp;apos;, os.arch: &amp;apos;amd64&amp;apos;, os.version: &amp;apos;10.0&amp;apos;, java.version: &amp;apos;1.8.0_77&amp;apos;
Driver info: org.openqa.selenium.remote.RemoteWebDriver
Capabilities [{mobileEmulationEnabled=false, hasTouchScreen=false, platform=XP, acceptSslCerts=false, acceptInsecureCerts=false, webStorageEnabled=true, browserName=chrome, takesScreenshot=true, javascriptEnabled=true, setWindowRect=true, unexpectedAlertBehaviour=, applicationCacheEnabled=false, rotatable=false, networkConnectionEnabled=false, chrome={chromedriverVersion=2.35.528161 (5b82f2d2aae0ca24b877009200ced9065a772e73), userDataDir=C:\Users\VENKAT~1.BHA\AppData\Local\Temp\scoped_dir4884_9331}, takesHeapSnapshot=true, pageLoadStrategy=normal, databaseEnabled=false, handlesAlerts=true, version=70.0.3538.77, browserConnectionEnabled=false, nativeEvents=true, webdriver.remote.sessionid=d3ac8066ff8c001b3c549d711873622d, locationContextEnabled=true, cssSelectorsEnabled=true}]
Session ID: d3ac8066ff8c001b3c549d711873622d">
      <![CDATA[org.openqa.selenium.WebDriverException: chrome not reachable
  (Session info: chrome=70.0.3538.77)
  (Driver info: chromedriver=2.35.528161 (5b82f2d2aae0ca24b877009200ced9065a772e73),platform=Windows NT 10.0.15063 x86_64) (WARNING: The server did not provide any stacktrace information)
Command duration or timeout: 4.07 seconds
Build info: version: '3.4.0', revision: 'unknown', time: 'unknown'
System info: host: 'ASPIREHYD119', ip: '192.168.71.7', os.name: 'Windows 10', os.arch: 'amd64', os.version: '10.0', java.version: '1.8.0_77'
Driver info: org.openqa.selenium.remote.RemoteWebDriver
Capabilities [{mobileEmulationEnabled=false, hasTouchScreen=false, platform=XP, acceptSslCerts=false, acceptInsecureCerts=false, webStorageEnabled=true, browserName=chrome, takesScreenshot=true, javascriptEnabled=true, setWindowRect=true, unexpectedAlertBehaviour=, applicationCacheEnabled=false, rotatable=false, networkConnectionEnabled=false, chrome={chromedriverVersion=2.35.528161 (5b82f2d2aae0ca24b877009200ced9065a772e73), userDataDir=C:\Users\VENKAT~1.BHA\AppData\Local\Temp\scoped_dir4884_9331}, takesHeapSnapshot=true, pageLoadStrategy=normal, databaseEnabled=false, handlesAlerts=true, version=70.0.3538.77, browserConnectionEnabled=false, nativeEvents=true, webdriver.remote.sessionid=d3ac8066ff8c001b3c549d711873622d, locationContextEnabled=true, cssSelectorsEnabled=true}]
Session ID: d3ac8066ff8c001b3c549d711873622d
at sun.reflect.NativeConstructorAccessorImpl.newInstance0(Native Method)
at sun.reflect.NativeConstructorAccessorImpl.newInstance(Unknown Source)
at sun.reflect.DelegatingConstructorAccessorImpl.newInstance(Unknown Source)
at java.lang.reflect.Constructor.newInstance(Unknown Source)
at org.openqa.selenium.remote.ErrorHandler.createThrowable(ErrorHandler.java:215)
at org.openqa.selenium.remote.ErrorHandler.throwIfResponseFailed(ErrorHandler.java:167)
at org.openqa.selenium.remote.RemoteWebDriver.execute(RemoteWebDriver.java:671)
at org.openqa.selenium.remote.RemoteWebDriver.execute(RemoteWebDriver.java:694)
at org.openqa.selenium.remote.RemoteWebDriver.getScreenshotAs(RemoteWebDriver.java:382)
at com.generic.support.ScreenshotManager.takeScreenshot(ScreenshotManager.java:29)
at com.generic.support.Log.takeScreenShot(Log.java:140)
at com.generic.support.Log.exception(Log.java:884)
at com.pure.HouseHold.Smoke_Pack.TC_001(Smoke_Pack.java:192)
at sun.reflect.NativeMethodAccessorImpl.invoke0(Native Method)
at sun.reflect.NativeMethodAccessorImpl.invoke(Unknown Source)
at sun.reflect.DelegatingMethodAccessorImpl.invoke(Unknown Source)
at java.lang.reflect.Method.invoke(Unknown Source)
at org.testng.internal.MethodInvocationHelper.invokeMethod(MethodInvocationHelper.java:124)
at org.testng.internal.Invoker.invokeMethod(Invoker.java:580)
at org.testng.internal.Invoker.invokeTestMethod(Invoker.java:716)
at org.testng.internal.TestMethodWithDataProviderMethodWorker.call(TestMethodWithDataProviderMethodWorker.java:71)
at org.testng.internal.TestMethodWithDataProviderMethodWorker.call(TestMethodWithDataProviderMethodWorker.java:14)
at java.util.concurrent.FutureTask.run(Unknown Source)
at java.util.concurrent.Executors$RunnableAdapter.call(Unknown Source)
at java.util.concurrent.FutureTask.run(Unknown Source)
at java.util.concurrent.ThreadPoolExecutor.runWorker(Unknown Source)
at java.util.concurrent.ThreadPoolExecutor$Worker.run(Unknown Source)
at java.lang.Thread.run(Unknown Source)
]]>
    </failure>
  </testcase> <!-- TC_001 -->
  <testcase name="TC_017" time="0.0" classname="com.pure.HouseHold.Smoke_Pack">
    <ignored/>
  </testcase> <!-- TC_017 -->
  <testcase name="TC_006" time="0.0" classname="com.pure.HouseHold.Smoke_Pack">
    <ignored/>
  </testcase> <!-- TC_006 -->
  <testcase name="TC_002" time="0.0" classname="com.pure.HouseHold.Smoke_Pack">
    <ignored/>
  </testcase> <!-- TC_002 -->
  <testcase name="TC_024" time="0.0" classname="com.pure.HouseHold.Smoke_Pack">
    <ignored/>
  </testcase> <!-- TC_024 -->
  <testcase name="TC_016" time="0.0" classname="com.pure.HouseHold.Smoke_Pack">
    <ignored/>
  </testcase> <!-- TC_016 -->
  <testcase name="TC_005" time="0.0" classname="com.pure.HouseHold.Smoke_Pack">
    <ignored/>
  </testcase> <!-- TC_005 -->
  <testcase name="TC_027" time="0.0" classname="com.pure.HouseHold.Smoke_Pack">
    <ignored/>
  </testcase> <!-- TC_027 -->
  <testcase name="TC_015" time="0.0" classname="com.pure.HouseHold.Smoke_Pack">
    <ignored/>
  </testcase> <!-- TC_015 -->
  <testcase name="TC_004" time="0.0" classname="com.pure.HouseHold.Smoke_Pack">
    <ignored/>
  </testcase> <!-- TC_004 -->
  <testcase name="TC_026" time="0.0" classname="com.pure.HouseHold.Smoke_Pack">
    <ignored/>
  </testcase> <!-- TC_026 -->
  <testcase name="TC_018" time="0.0" classname="com.pure.HouseHold.Smoke_Pack">
    <ignored/>
  </testcase> <!-- TC_018 -->
  <testcase name="TC_007" time="0.0" classname="com.pure.HouseHold.Smoke_Pack">
    <ignored/>
  </testcase> <!-- TC_007 -->
  <testcase name="TC_003" time="0.0" classname="com.pure.HouseHold.Smoke_Pack">
    <ignored/>
  </testcase> <!-- TC_003 -->
  <testcase name="TC_025" time="0.0" classname="com.pure.HouseHold.Smoke_Pack">
    <ignored/>
  </testcase> <!-- TC_025 -->
</testsuite> <!-- UXP_Sprint_02 -->
