<html>
<head>
<title>TestNG:  UXP_Sprint_02</title>
<link href="../testng.css" rel="stylesheet" type="text/css" />
<link href="../my-testng.css" rel="stylesheet" type="text/css" />

<style type="text/css">
.log { display: none;} 
.stack-trace { display: none;} 
</style>
<script type="text/javascript">
<!--
function flip(e) {
  current = e.style.display;
  if (current == 'block') {
    e.style.display = 'none';
    return 0;
  }
  else {
    e.style.display = 'block';
    return 1;
  }
}

function toggleBox(szDivId, elem, msg1, msg2)
{
  var res = -1;  if (document.getElementById) {
    res = flip(document.getElementById(szDivId));
  }
  else if (document.all) {
    // this is the way old msie versions work
    res = flip(document.all[szDivId]);
  }
  if(elem) {
    if(res == 0) elem.innerHTML = msg1; else elem.innerHTML = msg2;
  }

}

function toggleAllBoxes() {
  if (document.getElementsByTagName) {
    d = document.getElementsByTagName('div');
    for (i = 0; i < d.length; i++) {
      if (d[i].className == 'log') {
        flip(d[i]);
      }
    }
  }
}

// -->
</script>

</head>
<body>
<h2 align='center'>UXP_Sprint_02</h2><table border='1' align="center">
<tr>
<td>Tests passed/Failed/Skipped:</td><td>0/1/0</td>
</tr><tr>
<td>Started on:</td><td>Thu Nov 01 12:56:32 IST 2018</td>
</tr>
<tr><td>Total time:</td><td>61 seconds (61915 ms)</td>
</tr><tr>
<td>Included groups:</td><td></td>
</tr><tr>
<td>Excluded groups:</td><td></td>
</tr>
</table><p/>
<small><i>(Hover the method name to see the test class name)</i></small><p/>
<table width='100%' border='1' class='invocation-failed'>
<tr><td colspan='4' align='center'><b>FAILED TESTS</b></td></tr>
<tr><td><b>Test method</b></td>
<td width="30%"><b>Exception</b></td>
<td width="10%"><b>Time (seconds)</b></td>
<td><b>Instance</b></td>
</tr>
<tr>
<td title='com.pure.HouseHold.Smoke_Pack.TC_001()'><b>TC_001</b><br>Test class: com.pure.HouseHold.Smoke_Pack<br>Test method: To adding the Contents cover to existing Building cover policy through BUY option in SS and selecting payment method as Credit card <br>Parameters: (Browser: chrome, Hub: aspirehyd119, Node: ), chrome_XP<br/>
<a href="#Output-873184065" onClick='toggleBox("Output-873184065", this, "Show output", "Hide output");'>Show output</a>

<a href="#Output-873184065" onClick="toggleAllBoxes();">Show all outputs</a>
<div class='log' id="Output-873184065">
<div class="test-event"> <font color="maroon"> <small> &emsp; &emsp;--- 01 Nov 12:56:40 100 - addonCover-->java.lang.NullPointerException</small> </font> </div><br/>
<div class="test-event"> <font color="maroon"> <small> &emsp; &emsp;--- 01 Nov 12:56:40 100 - Name of Class-->java.lang.NullPointerException</small> </font> </div><br/>
<div class="test-event"> <font color="maroon"> <small> &emsp; &emsp;--- 01 Nov 12:56:40 100 - driverType-->java.lang.NullPointerException</small> </font> </div><br/>
<div class="test-event"> <font color="maroon"> <small> &emsp; &emsp;--- 01 Nov 12:56:40 100 - relationship-->java.lang.NullPointerException</small> </font> </div><br/>
<div class="test-event"> <font color="maroon"> <small> &emsp; &emsp;--- 01 Nov 12:56:40 100 - coverType-->java.lang.NullPointerException</small> </font> </div><br/>
<div class="test-event"> <font color="maroon"> <small> &emsp; &emsp;--- 01 Nov 12:56:40 100 - sectionType-->java.lang.NullPointerException</small> </font> </div><br/>
<div class="test-event"> <font color="maroon"> <small> &emsp; &emsp;--- 01 Nov 12:56:40 100 - address-->java.lang.NullPointerException</small> </font> </div><br/>
<div class="test-event"> <font color="maroon"> <small> &emsp; &emsp;--- 01 Nov 12:56:40 100 - Modification_Type-->java.lang.NullPointerException</small> </font> </div><br/>
<div class="test-event"> <font color="maroon"> <small> &emsp; &emsp;--- 01 Nov 12:56:40 100 - Cover_Name -->java.lang.NullPointerException</small> </font> </div><br/>
<div class="test-event"> <font color="maroon"> <small> &emsp; &emsp;--- 01 Nov 12:56:40 100 - arrAddAnotherOccupation -->java.lang.NullPointerException</small> </font> </div><br/>
<div class="test-event"> <font color="maroon"> <small> &emsp; &emsp;--- 01 Nov 12:56:40 100 - address-->java.lang.NullPointerException</small> </font> </div><br/>
<div class="test-event"> <font color="maroon"> <small> &emsp; &emsp;--- 01 Nov 12:56:40 100 - arrAverageNCD -->java.lang.NullPointerException</small> </font> </div><br/>
<div class="test-event"> <font color="maroon"> <small> &emsp; &emsp;--- 01 Nov 12:56:40 100 - arrNumberOfYears -->java.lang.NullPointerException</small> </font> </div><br/>
<div class="test-event"> <font color="maroon"> <small> &emsp; &emsp;--- 01 Nov 12:56:40 100 - arrNumberOfYearsTable -->java.lang.NullPointerException</small> </font> </div><br/>
<div class="test-event"> <font color="maroon"> <small> &emsp; &emsp;--- 01 Nov 12:56:40 100 - arrAverageNCDTable -->java.lang.NullPointerException</small> </font> </div><br/>
<div class="test-event"> <font color="maroon"> <small> &emsp; &emsp;--- 01 Nov 12:56:40 100 - arrNumberOfClaims -->java.lang.NullPointerException</small> </font> </div><br/>
<div class="test-event"> <font color="maroon"> <small> &emsp; &emsp;--- 01 Nov 12:56:40 100 - arrWithNCDProtection -->java.lang.NullPointerException</small> </font> </div><br/>
<div class="test-event"> <font color="maroon"> <small> &emsp; &emsp;--- 01 Nov 12:56:40 100 - arrNumberOfClaimsNCD -->java.lang.NullPointerException</small> </font> </div><br/>
<div class="test-event"> <font color="maroon"> <small> &emsp; &emsp;--- 01 Nov 12:56:40 100 - arrWithOutNCDProtection -->java.lang.NullPointerException</small> </font> </div><br/>
&emsp;<div class="test-title"> <strong><font size = "3" color = "#000080">To adding the Contents cover to existing Building cover policy through BUY option in SS and selecting payment method as Credit card<small><b><i>[chrome_windows]</b></i></small></font> </strong> </div>&emsp;<div><strong>Steps:</strong></div><!-- Report -->&emsp;<br/>
&emsp;<div class="test-title"> <strong><font size = "3" color = "#000080">TC_001 [UXP_Sprint_02]</font> </strong> </div>&emsp;<div><strong>Steps:</strong></div>&emsp;<br/>
<div class="test-event"> <font color="maroon"> <small> &emsp; &emsp;--- 01 Nov 12:56:40 194 - Page URL:: data:,</small> </font> </div><br/>
<div class="test-event"> <font color="maroon"> <small> &emsp; &emsp;--- 01 Nov 12:56:40 194 - <b>0</b> - Page Load Wait: (Sync) - com.generic.utils.WaitUtils.waitForPageLoad(WaitUtils.java:338)</small> </font> </div><br/>
<div class="test-event"> <font color="maroon"> <small> &emsp; &emsp;--- 01 Nov 12:56:58 283 - Page URL:: http://ald-edgesrv:8091/eis-ssc/servletcontroller</small> </font> </div><br/>
<div class="test-event"> <font color="maroon"> <small> &emsp; &emsp;--- 01 Nov 12:56:58 283 - <b>0</b> - Page Load Wait: (Sync) - com.generic.utils.WaitUtils.waitForPageLoad(WaitUtils.java:338)</small> </font> </div><br/>
<div class="test-event"> <font color="maroon"> <small> &emsp; &emsp;--- 01 Nov 12:56:58 424 - Element is displayed:: [[RemoteWebDriver: chrome on XP (d3ac8066ff8c001b3c549d711873622d)] -> css selector: #C2__BUT_E14D31D21EBB8E7F24944]</small> </font> </div><br/>
<div class="test-event"> <font color="maroon"> <small> &emsp; &emsp;--- 01 Nov 12:56:58 469 - Page URL:: http://ald-edgesrv:8091/eis-ssc/servletcontroller</small> </font> </div><br/>
<div class="test-event"> <font color="maroon"> <small> &emsp; &emsp;--- 01 Nov 12:56:58 470 - <b>0</b> - Page Load Wait: (Sync) - com.generic.utils.WaitUtils.waitForPageLoad(WaitUtils.java:338)</small> </font> </div><br/>
<div class="test-message">&emsp;Customer Self service Landing Page : http://ald-edgesrv:8091/EIS-SSC&emsp;<a href=".\ScreenShot\TC_001_UXP_Sprint_02_1.png" target="_blank" >[ScreenShot]</a></div><br/>
<div class="test-event"> <font color="maroon"> <small> &emsp; &emsp;--- 01 Nov 12:56:58 959 - Element is displayed:: [[RemoteWebDriver: chrome on XP (d3ac8066ff8c001b3c549d711873622d)] -> css selector: #C2__BUT_E14D31D21EBB8E7F24944]</small> </font> </div><br/>
<div class="test-event"> <font color="maroon"> <small> &emsp; &emsp;--- 01 Nov 12:57:01 387 - <b>2</b> - Spinner Load Wait: (Sync) - com.generic.utils.WaitUtils.waitForSpinner(WaitUtils.java:160)</small> </font> </div><br/>
<div class="test-message">&emsp;Clicked Sign In button on Customer Self Service page &emsp;<a href=".\ScreenShot\TC_001_UXP_Sprint_02_2.png" target="_blank" >[ScreenShot]</a></div><br/>
<div class="test-event"> <font color="maroon"> <small> &emsp; &emsp;--- 01 Nov 12:57:01 750 - Page URL:: http://ald-edgesrv:8091/eis-ssc/servletcontroller</small> </font> </div><br/>
<div class="test-event"> <font color="maroon"> <small> &emsp; &emsp;--- 01 Nov 12:57:01 750 - <b>0</b> - Page Load Wait: (Sync) - com.generic.utils.WaitUtils.waitForPageLoad(WaitUtils.java:338)</small> </font> </div><br/>
<div class="test-event"> <font color="maroon"> <small> &emsp; &emsp;--- 01 Nov 12:57:01 903 - Element is displayed:: [[RemoteWebDriver: chrome on XP (d3ac8066ff8c001b3c549d711873622d)] -> css selector: #C2__sign_in]</small> </font> </div><br/>
<div class="test-event"> <font color="maroon"> <small> &emsp; &emsp;--- 01 Nov 12:57:01 950 - Page URL:: http://ald-edgesrv:8091/eis-ssc/servletcontroller</small> </font> </div><br/>
<div class="test-event"> <font color="maroon"> <small> &emsp; &emsp;--- 01 Nov 12:57:01 950 - <b>0</b> - Page Load Wait: (Sync) - com.generic.utils.WaitUtils.waitForPageLoad(WaitUtils.java:338)</small> </font> </div><br/>
<div class="test-event"> <font color="maroon"> <small> &emsp; &emsp;--- 01 Nov 12:57:02 127 - Element is displayed:: [[RemoteWebDriver: chrome on XP (d3ac8066ff8c001b3c549d711873622d)] -> css selector: #C2__email_address]</small> </font> </div><br/>
<div class="test-message">&emsp;Entered the Email Address : lakshmia@mail.com&emsp;<a href=".\ScreenShot\TC_001_UXP_Sprint_02_3.png" target="_blank" >[ScreenShot]</a></div><br/>
<div class="test-event"> <font color="maroon"> <small> &emsp; &emsp;--- 01 Nov 12:57:02 776 - Element is displayed:: [[RemoteWebDriver: chrome on XP (d3ac8066ff8c001b3c549d711873622d)] -> css selector: #C2__password]</small> </font> </div><br/>
<div class="test-message">&emsp;Entered the Password : Godwin!333&emsp;<a href=".\ScreenShot\TC_001_UXP_Sprint_02_4.png" target="_blank" >[ScreenShot]</a></div><br/>
<div class="test-event"> <font color="maroon"> <small> &emsp; &emsp;--- 01 Nov 12:57:03 392 - Element is displayed:: [[RemoteWebDriver: chrome on XP (d3ac8066ff8c001b3c549d711873622d)] -> css selector: #C2__sign_in]</small> </font> </div><br/>
<div class="test-event"> <font color="maroon"> <small> &emsp; &emsp;--- 01 Nov 12:57:10 192 - <b>6</b> - Spinner Load Wait: (Sync) - com.generic.utils.WaitUtils.waitForSpinner(WaitUtils.java:160)</small> </font> </div><br/>
<div class="test-message">&emsp;Clicked Sign in button on login page &emsp;<a href=".\ScreenShot\TC_001_UXP_Sprint_02_5.png" target="_blank" >[ScreenShot]</a></div><br/>
<div class="test-event"> <font color="maroon"> <small> &emsp; &emsp;--- 01 Nov 12:57:10 516 - <b>7</b> - Clicked Sign in button on login page - com.pure.selfservice.pages.CustomerSignInPage.clickSignInButton(CustomerSignInPage.java:154)</small> </font> </div><br/>
<div class="test-event"> <font color="maroon"> <small> &emsp; &emsp;--- 01 Nov 12:57:10 552 - Page URL:: http://ald-edgesrv:8091/eis-ssc/servletcontroller</small> </font> </div><br/>
<div class="test-event"> <font color="maroon"> <small> &emsp; &emsp;--- 01 Nov 12:57:10 553 - <b>0</b> - Page Load Wait: (Sync) - com.generic.utils.WaitUtils.waitForPageLoad(WaitUtils.java:338)</small> </font> </div><br/>
<div class="test-event"> <font color="maroon"> <small> &emsp; &emsp;--- 01 Nov 12:57:10 659 - Element is displayed:: [[RemoteWebDriver: chrome on XP (d3ac8066ff8c001b3c549d711873622d)] -> css selector: h2[class*='page-title']]</small> </font> </div><br/>
<div class="test-message">&emsp;Policy: 4132658H002129 - Policy is available at row - 1</div><br/>
<div class="test-event"> <font color="maroon"> <small> &emsp; &emsp;--- 01 Nov 12:57:13 487 - <b>2</b> - Spinner Load Wait: (Sync) - com.generic.utils.WaitUtils.waitForSpinner(WaitUtils.java:160)</small> </font> </div><br/>
<div class="test-event"> <font color="maroon"> <small> &emsp; &emsp;--- 01 Nov 12:57:13 559 - Element is displayed:: [[RemoteWebDriver: chrome on XP (d3ac8066ff8c001b3c549d711873622d)] -> css selector: #C2__BUT_7D4422F57C5E7EC5157917_R1]</small> </font> </div><br/>
<div class="test-event"> <font color="maroon"> <small> &emsp; &emsp;--- 01 Nov 12:57:26 610 - Catched spinner load exception due to chrome not reachable
  (Session info: chrome=70.0.3538.77)
  (Driver info: chromedriver=2.35.528161 (5b82f2d2aae0ca24b877009200ced9065a772e73),platform=Windows NT 10.0.15063 x86_64) (WARNING: The server did not provide any stacktrace information)
Command duration or timeout: 4.10 seconds
Build info: version: '3.4.0', revision: 'unknown', time: 'unknown'
System info: host: 'ASPIREHYD119', ip: '192.168.71.7', os.name: 'Windows 10', os.arch: 'amd64', os.version: '10.0', java.version: '1.8.0_77'
Driver info: org.openqa.selenium.remote.RemoteWebDriver
Capabilities [{mobileEmulationEnabled=false, hasTouchScreen=false, platform=XP, acceptSslCerts=false, acceptInsecureCerts=false, webStorageEnabled=true, browserName=chrome, takesScreenshot=true, javascriptEnabled=true, setWindowRect=true, unexpectedAlertBehaviour=, applicationCacheEnabled=false, rotatable=false, networkConnectionEnabled=false, chrome={chromedriverVersion=2.35.528161 (5b82f2d2aae0ca24b877009200ced9065a772e73), userDataDir=C:\Users\VENKAT~1.BHA\AppData\Local\Temp\scoped_dir4884_9331}, takesHeapSnapshot=true, pageLoadStrategy=normal, databaseEnabled=false, handlesAlerts=true, version=70.0.3538.77, browserConnectionEnabled=false, nativeEvents=true, webdriver.remote.sessionid=d3ac8066ff8c001b3c549d711873622d, locationContextEnabled=true, cssSelectorsEnabled=true}]
Session ID: d3ac8066ff8c001b3c549d711873622d
*** Element info: {Using=css selector, value=.spinning-on-load-bg-table-active}</small> </font> </div><br/>
<div class="test-event"> <font color="maroon"> <small> &emsp; &emsp;--- 01 Nov 12:57:26 610 - <b>13</b> - Spinner Load Wait: (Sync) - com.generic.utils.WaitUtils.waitForSpinner(WaitUtils.java:160)</small> </font> </div><br/>
</div>
</td>
<td><div><pre>org.openqa.selenium.WebDriverException: chrome not reachable
  (Session info: chrome=70.0.3538.77)
  (Driver info: chromedriver=2.35.528161 (5b82f2d2aae0ca24b877009200ced9065a772e73),platform=Windows NT 10.0.15063 x86_64) (WARNING: The server did not provide any stacktrace information)
Command duration or timeout: 4.07 seconds
Build info: version: &apos;3.4.0&apos;, revision: &apos;unknown&apos;, time: &apos;unknown&apos;
System info: host: &apos;ASPIREHYD119&apos;, ip: &apos;192.168.71.7&apos;, os.name: &apos;Windows 10&apos;, os.arch: &apos;amd64&apos;, os.version: &apos;10.0&apos;, java.version: &apos;1.8.0_77&apos;
Driver info: org.openqa.selenium.remote.RemoteWebDriver
Capabilities [{mobileEmulationEnabled=false, hasTouchScreen=false, platform=XP, acceptSslCerts=false, acceptInsecureCerts=false, webStorageEnabled=true, browserName=chrome, takesScreenshot=true, javascriptEnabled=true, setWindowRect=true, unexpectedAlertBehaviour=, applicationCacheEnabled=false, rotatable=false, networkConnectionEnabled=false, chrome={chromedriverVersion=2.35.528161 (5b82f2d2aae0ca24b877009200ced9065a772e73), userDataDir=C:\Users\VENKAT~1.BHA\AppData\Local\Temp\scoped_dir4884_9331}, takesHeapSnapshot=true, pageLoadStrategy=normal, databaseEnabled=false, handlesAlerts=true, version=70.0.3538.77, browserConnectionEnabled=false, nativeEvents=true, webdriver.remote.sessionid=d3ac8066ff8c001b3c549d711873622d, locationContextEnabled=true, cssSelectorsEnabled=true}]
Session ID: d3ac8066ff8c001b3c549d711873622d
	at sun.reflect.NativeConstructorAccessorImpl.newInstance0(Native Method)
	at sun.reflect.NativeConstructorAccessorImpl.newInstance(Unknown Source)
	at sun.reflect.DelegatingConstructorAccessorImpl.newInstance(Unknown Source)
	at java.lang.reflect.Constructor.newInstance(Unknown Source)
	at org.openqa.selenium.remote.ErrorHandler.createThrowable(ErrorHandler.java:215)
	at org.openqa.selenium.remote.ErrorHandler.throwIfResponseFailed(ErrorHandler.java:167)
	at org.openqa.selenium.remote.RemoteWebDriver.execute(RemoteWebDriver.java:671)
	at org.openqa.selenium.remote.RemoteWebDriver.execute(RemoteWebDriver.java:694)
	at org.openqa.selenium.remote.RemoteWebDriver.getScreenshotAs(RemoteWebDriver.java:382)
	at com.generic.support.ScreenshotManager.takeScreenshot(ScreenshotManager.java:29)
	at com.generic.support.Log.takeScreenShot(Log.java:140)
	at com.generic.support.Log.exception(Log.java:884)
	at com.pure.HouseHold.Smoke_Pack.TC_001(Smoke_Pack.java:192)
	at sun.reflect.NativeMethodAccessorImpl.invoke0(Native Method)
	at sun.reflect.NativeMethodAccessorImpl.invoke(Unknown Source)
	at sun.reflect.DelegatingMethodAccessorImpl.invoke(Unknown Source)
	at java.lang.reflect.Method.invoke(Unknown Source)
	at org.testng.internal.MethodInvocationHelper.invokeMethod(MethodInvocationHelper.java:124)
	at org.testng.internal.Invoker.invokeMethod(Invoker.java:580)
	at org.testng.internal.Invoker.invokeTestMethod(Invoker.java:716)
	at org.testng.internal.TestMethodWithDataProviderMethodWorker.call(TestMethodWithDataProviderMethodWorker.java:71)
	at org.testng.internal.TestMethodWithDataProviderMethodWorker.call(TestMethodWithDataProviderMethodWorker.java:14)
	at java.util.concurrent.FutureTask.run(Unknown Source)
	at java.util.concurrent.Executors$RunnableAdapter.call(Unknown Source)
	at java.util.concurrent.FutureTask.run(Unknown Source)
	at java.util.concurrent.ThreadPoolExecutor.runWorker(Unknown Source)
	at java.util.concurrent.ThreadPoolExecutor$Worker.run(Unknown Source)
	at java.lang.Thread.run(Unknown Source)
</pre></div><a href='#' onClick='toggleBox("stack-trace873184065", this, "Click to show all stack frames", "Click to hide stack frames")'>Click to show all stack frames</a>
<div class='stack-trace' id='stack-trace873184065'><pre>org.openqa.selenium.WebDriverException: chrome not reachable
  (Session info: chrome=70.0.3538.77)
  (Driver info: chromedriver=2.35.528161 (5b82f2d2aae0ca24b877009200ced9065a772e73),platform=Windows NT 10.0.15063 x86_64) (WARNING: The server did not provide any stacktrace information)
Command duration or timeout: 4.07 seconds
Build info: version: &apos;3.4.0&apos;, revision: &apos;unknown&apos;, time: &apos;unknown&apos;
System info: host: &apos;ASPIREHYD119&apos;, ip: &apos;192.168.71.7&apos;, os.name: &apos;Windows 10&apos;, os.arch: &apos;amd64&apos;, os.version: &apos;10.0&apos;, java.version: &apos;1.8.0_77&apos;
Driver info: org.openqa.selenium.remote.RemoteWebDriver
Capabilities [{mobileEmulationEnabled=false, hasTouchScreen=false, platform=XP, acceptSslCerts=false, acceptInsecureCerts=false, webStorageEnabled=true, browserName=chrome, takesScreenshot=true, javascriptEnabled=true, setWindowRect=true, unexpectedAlertBehaviour=, applicationCacheEnabled=false, rotatable=false, networkConnectionEnabled=false, chrome={chromedriverVersion=2.35.528161 (5b82f2d2aae0ca24b877009200ced9065a772e73), userDataDir=C:\Users\VENKAT~1.BHA\AppData\Local\Temp\scoped_dir4884_9331}, takesHeapSnapshot=true, pageLoadStrategy=normal, databaseEnabled=false, handlesAlerts=true, version=70.0.3538.77, browserConnectionEnabled=false, nativeEvents=true, webdriver.remote.sessionid=d3ac8066ff8c001b3c549d711873622d, locationContextEnabled=true, cssSelectorsEnabled=true}]
Session ID: d3ac8066ff8c001b3c549d711873622d
	at sun.reflect.NativeConstructorAccessorImpl.newInstance0(Native Method)
	at sun.reflect.NativeConstructorAccessorImpl.newInstance(Unknown Source)
	at sun.reflect.DelegatingConstructorAccessorImpl.newInstance(Unknown Source)
	at java.lang.reflect.Constructor.newInstance(Unknown Source)
	at org.openqa.selenium.remote.ErrorHandler.createThrowable(ErrorHandler.java:215)
	at org.openqa.selenium.remote.ErrorHandler.throwIfResponseFailed(ErrorHandler.java:167)
	at org.openqa.selenium.remote.RemoteWebDriver.execute(RemoteWebDriver.java:671)
	at org.openqa.selenium.remote.RemoteWebDriver.execute(RemoteWebDriver.java:694)
	at org.openqa.selenium.remote.RemoteWebDriver.getScreenshotAs(RemoteWebDriver.java:382)
	at com.generic.support.ScreenshotManager.takeScreenshot(ScreenshotManager.java:29)
	at com.generic.support.Log.takeScreenShot(Log.java:140)
	at com.generic.support.Log.exception(Log.java:884)
	at com.pure.HouseHold.Smoke_Pack.TC_001(Smoke_Pack.java:192)
	at sun.reflect.NativeMethodAccessorImpl.invoke0(Native Method)
	at sun.reflect.NativeMethodAccessorImpl.invoke(Unknown Source)
	at sun.reflect.DelegatingMethodAccessorImpl.invoke(Unknown Source)
	at java.lang.reflect.Method.invoke(Unknown Source)
	at org.testng.internal.MethodInvocationHelper.invokeMethod(MethodInvocationHelper.java:124)
	at org.testng.internal.Invoker.invokeMethod(Invoker.java:580)
	at org.testng.internal.Invoker.invokeTestMethod(Invoker.java:716)
	at org.testng.internal.TestMethodWithDataProviderMethodWorker.call(TestMethodWithDataProviderMethodWorker.java:71)
	at org.testng.internal.TestMethodWithDataProviderMethodWorker.call(TestMethodWithDataProviderMethodWorker.java:14)
	at java.util.concurrent.FutureTask.run(Unknown Source)
	at java.util.concurrent.Executors$RunnableAdapter.call(Unknown Source)
	at java.util.concurrent.FutureTask.run(Unknown Source)
	at java.util.concurrent.ThreadPoolExecutor.runWorker(Unknown Source)
	at java.util.concurrent.ThreadPoolExecutor$Worker.run(Unknown Source)
	at java.lang.Thread.run(Unknown Source)
</pre></div></td>
<td>55</td>
<td>com.pure.HouseHold.Smoke_Pack@27fe3806</td></tr>
</table><p>
</body>
</html>