<?xml version="1.0" encoding="UTF-8"?>
<testng-results skipped="0" failed="1" total="1" passed="0">
  <reporter-output>
    <line>
      <![CDATA[&emsp;<div class="test-title"> <strong><font size = "3" color = "#000080">Check that the policy details section has the following details Policy No, Line Of Business, Insurer, Status,  Insured Item, Policy Term, Expiry Date, Renewal Date<small><b><i>[chrome_windows]</b></i></small></font> </strong> </div>&emsp;<div><strong>Steps:</strong></div><!-- Report -->&emsp;]]>
    </line>
    <line>
      <![CDATA[&emsp;<div class="test-title"> <strong><font size = "3" color = "#000080">TC_10567 [Default test]</font> </strong> </div>&emsp;<div><strong>Steps:</strong></div>&emsp;]]>
    </line>
    <line>
      <![CDATA[<div class="test-event"> <font color="maroon"> <small> &emsp; &emsp;--- 17 Oct 10:59:16 506 - Page URL:: data:,</small> </font> </div>]]>
    </line>
    <line>
      <![CDATA[<div class="test-event"> <font color="maroon"> <small> &emsp; &emsp;--- 17 Oct 10:59:16 507 - <b>0</b> - Page Load Wait: (Sync) - com.generic.utils.WaitUtils.waitForPageLoad(WaitUtils.java:338)</small> </font> </div>]]>
    </line>
    <line>
      <![CDATA[<div class="test-event"> <font color="maroon"> <small> &emsp; &emsp;--- 17 Oct 10:59:17 221 - Page URL:: http://ald-edgesrv:8091/selfservice/index.html?domain=eisbroker.siriusfs.com</small> </font> </div>]]>
    </line>
    <line>
      <![CDATA[<div class="test-event"> <font color="maroon"> <small> &emsp; &emsp;--- 17 Oct 10:59:17 223 - <b>0</b> - Page Load Wait: (Sync) - com.generic.utils.WaitUtils.waitForPageLoad(WaitUtils.java:338)</small> </font> </div>]]>
    </line>
  </reporter-output>
  <suite name="PureBroker_Smoke" duration-ms="22104" started-at="2018-10-17T05:29:12Z" finished-at="2018-10-17T05:29:34Z">
    <groups>
    </groups>
    <test name="Default test" duration-ms="22104" started-at="2018-10-17T05:29:12Z" finished-at="2018-10-17T05:29:34Z">
      <class name="com.pure.HouseHold.Sprint_02">
        <test-method status="PASS" signature="beforeSuite()[pri:0, instance:com.pure.HouseHold.Sprint_02@61f8bee4]" name="beforeSuite" is-config="true" duration-ms="241" started-at="2018-10-17T10:59:12Z" finished-at="2018-10-17T10:59:12Z">
          <reporter-output>
          </reporter-output>
        </test-method> <!-- beforeSuite -->
        <test-method status="PASS" signature="init(org.testng.ITestContext)[pri:0, instance:com.pure.HouseHold.Sprint_02@61f8bee4]" name="init" is-config="true" duration-ms="1" started-at="2018-10-17T10:59:12Z" finished-at="2018-10-17T10:59:12Z">
          <params>
            <param index="0">
              <value>
                <![CDATA[org.testng.TestRunner@5fa07e12]]>
              </value>
            </param>
          </params>
          <reporter-output>
          </reporter-output>
        </test-method> <!-- init -->
        <test-method status="FAIL" signature="TC_006(java.lang.String)[pri:0, instance:com.pure.HouseHold.Sprint_02@61f8bee4]" name="TC_006" duration-ms="18494" started-at="2018-10-17T10:59:15Z" description="Check that the policy details section has the following details Policy No, Line Of Business, Insurer, Status,  Insured Item, Policy Term, Expiry Date, Renewal Date" data-provider="PureBroker" finished-at="2018-10-17T10:59:34Z">
          <params>
            <param index="0">
              <value>
                <![CDATA[(Browser: chrome, Hub: aspirehyd119, Node: ), chrome_XP]]>
              </value>
            </param>
          </params>
          <exception class="org.openqa.selenium.WebDriverException">
            <message>
              <![CDATA[chrome not reachable
  (Session info: chrome=69.0.3497.100)
  (Driver info: chromedriver=2.35.528161 (5b82f2d2aae0ca24b877009200ced9065a772e73),platform=Windows NT 10.0.15063 x86_64) (WARNING: The server did not provide any stacktrace information)
Command duration or timeout: 4.02 seconds
Build info: version: '3.4.0', revision: 'unknown', time: 'unknown'
System info: host: 'ASPIREHYD119', ip: '192.168.71.39', os.name: 'Windows 10', os.arch: 'amd64', os.version: '10.0', java.version: '1.8.0_77'
Driver info: org.openqa.selenium.remote.RemoteWebDriver
Capabilities [{mobileEmulationEnabled=false, hasTouchScreen=false, platform=XP, acceptSslCerts=false, acceptInsecureCerts=false, webStorageEnabled=true, browserName=chrome, takesScreenshot=true, javascriptEnabled=true, setWindowRect=true, unexpectedAlertBehaviour=, applicationCacheEnabled=false, rotatable=false, networkConnectionEnabled=false, chrome={chromedriverVersion=2.35.528161 (5b82f2d2aae0ca24b877009200ced9065a772e73), userDataDir=C:\Users\VENKAT~1.BHA\AppData\Local\Temp\scoped_dir12780_16644}, takesHeapSnapshot=true, pageLoadStrategy=normal, databaseEnabled=false, handlesAlerts=true, version=69.0.3497.100, browserConnectionEnabled=false, nativeEvents=true, webdriver.remote.sessionid=af75700df97f45e5ee65e922ae31dd36, locationContextEnabled=true, cssSelectorsEnabled=true}]
Session ID: af75700df97f45e5ee65e922ae31dd36]]>
            </message>
            <full-stacktrace>
              <![CDATA[org.openqa.selenium.WebDriverException: chrome not reachable
  (Session info: chrome=69.0.3497.100)
  (Driver info: chromedriver=2.35.528161 (5b82f2d2aae0ca24b877009200ced9065a772e73),platform=Windows NT 10.0.15063 x86_64) (WARNING: The server did not provide any stacktrace information)
Command duration or timeout: 4.02 seconds
Build info: version: '3.4.0', revision: 'unknown', time: 'unknown'
System info: host: 'ASPIREHYD119', ip: '192.168.71.39', os.name: 'Windows 10', os.arch: 'amd64', os.version: '10.0', java.version: '1.8.0_77'
Driver info: org.openqa.selenium.remote.RemoteWebDriver
Capabilities [{mobileEmulationEnabled=false, hasTouchScreen=false, platform=XP, acceptSslCerts=false, acceptInsecureCerts=false, webStorageEnabled=true, browserName=chrome, takesScreenshot=true, javascriptEnabled=true, setWindowRect=true, unexpectedAlertBehaviour=, applicationCacheEnabled=false, rotatable=false, networkConnectionEnabled=false, chrome={chromedriverVersion=2.35.528161 (5b82f2d2aae0ca24b877009200ced9065a772e73), userDataDir=C:\Users\VENKAT~1.BHA\AppData\Local\Temp\scoped_dir12780_16644}, takesHeapSnapshot=true, pageLoadStrategy=normal, databaseEnabled=false, handlesAlerts=true, version=69.0.3497.100, browserConnectionEnabled=false, nativeEvents=true, webdriver.remote.sessionid=af75700df97f45e5ee65e922ae31dd36, locationContextEnabled=true, cssSelectorsEnabled=true}]
Session ID: af75700df97f45e5ee65e922ae31dd36
	at sun.reflect.NativeConstructorAccessorImpl.newInstance0(Native Method)
	at sun.reflect.NativeConstructorAccessorImpl.newInstance(Unknown Source)
	at sun.reflect.DelegatingConstructorAccessorImpl.newInstance(Unknown Source)
	at java.lang.reflect.Constructor.newInstance(Unknown Source)
	at org.openqa.selenium.remote.ErrorHandler.createThrowable(ErrorHandler.java:215)
	at org.openqa.selenium.remote.ErrorHandler.throwIfResponseFailed(ErrorHandler.java:167)
	at org.openqa.selenium.remote.RemoteWebDriver.execute(RemoteWebDriver.java:671)
	at org.openqa.selenium.remote.RemoteWebDriver.execute(RemoteWebDriver.java:694)
	at org.openqa.selenium.remote.RemoteWebDriver.getScreenshotAs(RemoteWebDriver.java:382)
	at com.generic.support.ScreenshotManager.takeScreenshot(ScreenshotManager.java:32)
	at com.generic.support.Log.takeScreenShot(Log.java:140)
	at com.generic.support.Log.exception(Log.java:884)
	at com.pure.HouseHold.Sprint_02.TC_006(Sprint_02.java:385)
	at sun.reflect.NativeMethodAccessorImpl.invoke0(Native Method)
	at sun.reflect.NativeMethodAccessorImpl.invoke(Unknown Source)
	at sun.reflect.DelegatingMethodAccessorImpl.invoke(Unknown Source)
	at java.lang.reflect.Method.invoke(Unknown Source)
	at org.testng.internal.MethodInvocationHelper.invokeMethod(MethodInvocationHelper.java:84)
	at org.testng.internal.Invoker.invokeMethod(Invoker.java:714)
	at org.testng.internal.Invoker.invokeTestMethod(Invoker.java:901)
	at org.testng.internal.TestMethodWithDataProviderMethodWorker.call(TestMethodWithDataProviderMethodWorker.java:73)
	at org.testng.internal.TestMethodWithDataProviderMethodWorker.call(TestMethodWithDataProviderMethodWorker.java:14)
	at java.util.concurrent.FutureTask.run(Unknown Source)
	at java.util.concurrent.Executors$RunnableAdapter.call(Unknown Source)
	at java.util.concurrent.FutureTask.run(Unknown Source)
	at java.util.concurrent.ThreadPoolExecutor.runWorker(Unknown Source)
	at java.util.concurrent.ThreadPoolExecutor$Worker.run(Unknown Source)
	at java.lang.Thread.run(Unknown Source)
]]>
            </full-stacktrace>
          </exception> <!-- org.openqa.selenium.WebDriverException -->
          <reporter-output>
            <line>
              <![CDATA[&emsp;<div class="test-title"> <strong><font size = "3" color = "#000080">Check that the policy details section has the following details Policy No, Line Of Business, Insurer, Status,  Insured Item, Policy Term, Expiry Date, Renewal Date<small><b><i>[chrome_windows]</b></i></small></font> </strong> </div>&emsp;<div><strong>Steps:</strong></div><!-- Report -->&emsp;]]>
            </line>
            <line>
              <![CDATA[&emsp;<div class="test-title"> <strong><font size = "3" color = "#000080">TC_10567 [Default test]</font> </strong> </div>&emsp;<div><strong>Steps:</strong></div>&emsp;]]>
            </line>
            <line>
              <![CDATA[<div class="test-event"> <font color="maroon"> <small> &emsp; &emsp;--- 17 Oct 10:59:16 506 - Page URL:: data:,</small> </font> </div>]]>
            </line>
            <line>
              <![CDATA[<div class="test-event"> <font color="maroon"> <small> &emsp; &emsp;--- 17 Oct 10:59:16 507 - <b>0</b> - Page Load Wait: (Sync) - com.generic.utils.WaitUtils.waitForPageLoad(WaitUtils.java:338)</small> </font> </div>]]>
            </line>
            <line>
              <![CDATA[<div class="test-event"> <font color="maroon"> <small> &emsp; &emsp;--- 17 Oct 10:59:17 221 - Page URL:: http://ald-edgesrv:8091/selfservice/index.html?domain=eisbroker.siriusfs.com</small> </font> </div>]]>
            </line>
            <line>
              <![CDATA[<div class="test-event"> <font color="maroon"> <small> &emsp; &emsp;--- 17 Oct 10:59:17 223 - <b>0</b> - Page Load Wait: (Sync) - com.generic.utils.WaitUtils.waitForPageLoad(WaitUtils.java:338)</small> </font> </div>]]>
            </line>
          </reporter-output>
        </test-method> <!-- TC_006 -->
        <test-method status="PASS" signature="afterSuite()[pri:0, instance:com.pure.HouseHold.Sprint_02@61f8bee4]" name="afterSuite" is-config="true" duration-ms="2241" started-at="2018-10-17T10:59:34Z" finished-at="2018-10-17T10:59:36Z">
          <reporter-output>
          </reporter-output>
        </test-method> <!-- afterSuite -->
      </class> <!-- com.pure.HouseHold.Sprint_02 -->
    </test> <!-- Default test -->
  </suite> <!-- PureBroker_Smoke -->
</testng-results>
