<?xml version="1.0" encoding="UTF-8"?>
<!-- Generated by org.testng.reporters.JUnitXMLReporter -->
<testsuite hostname="aspirehyd119" name="UXP_PBPhase2" tests="30" failures="1" timestamp="10 Oct 2018 08:42:57 GMT" time="3032.12" errors="0">
  <testcase name="TC_20522" time="115.443" classname="com.pure.Renewals.Renewal_20385_Motor"/>
  <testcase name="TC_20523" time="90.668" classname="com.pure.Renewals.Renewal_20385_Motor"/>
  <testcase name="TC_20524" time="109.235" classname="com.pure.Renewals.Renewal_20385_Motor"/>
  <testcase name="TC_20525" time="35.916" classname="com.pure.Renewals.Renewal_20385_Motor"/>
  <testcase name="TC_20526" time="46.029" classname="com.pure.Renewals.Renewal_20385_Motor"/>
  <testcase name="TC_20527" time="128.355" classname="com.pure.Renewals.Renewal_20385_Motor"/>
  <testcase name="TC_20528" time="35.016" classname="com.pure.Renewals.Renewal_20385_Motor"/>
  <testcase name="TC_20529" time="38.962" classname="com.pure.Renewals.Renewal_20385_Motor">
    <failure type="java.lang.Exception" message="Error while clicking View My policy button : org.openqa.selenium.NoSuchElementException: no such element: Unable to locate element: {&amp;quot;method&amp;quot;:&amp;quot;css selector&amp;quot;,&amp;quot;selector&amp;quot;:&amp;quot;#C2__BUT_20C9A55710F99F9293695_Rnull&amp;quot;}
  (Session info: chrome=69.0.3497.100)
  (Driver info: chromedriver=2.35.528161 (5b82f2d2aae0ca24b877009200ced9065a772e73),platform=Windows NT 10.0.15063 x86_64) (WARNING: The server did not provide any stacktrace information)
Command duration or timeout: 30 milliseconds
For documentation on this error, please visit: http://seleniumhq.org/exceptions/no_such_element.html
Build info: version: &amp;apos;3.4.0&amp;apos;, revision: &amp;apos;unknown&amp;apos;, time: &amp;apos;unknown&amp;apos;
System info: host: &amp;apos;ASPIREHYD119&amp;apos;, ip: &amp;apos;192.168.71.124&amp;apos;, os.name: &amp;apos;Windows 10&amp;apos;, os.arch: &amp;apos;amd64&amp;apos;, os.version: &amp;apos;10.0&amp;apos;, java.version: &amp;apos;1.8.0_77&amp;apos;
Driver info: org.openqa.selenium.remote.RemoteWebDriver
Capabilities [{mobileEmulationEnabled=false, hasTouchScreen=false, platform=XP, acceptSslCerts=false, acceptInsecureCerts=false, webStorageEnabled=true, browserName=chrome, takesScreenshot=true, javascriptEnabled=true, setWindowRect=true, unexpectedAlertBehaviour=, applicationCacheEnabled=false, rotatable=false, networkConnectionEnabled=false, chrome={chromedriverVersion=2.35.528161 (5b82f2d2aae0ca24b877009200ced9065a772e73), userDataDir=C:\Users\VENKAT~1.BHA\AppData\Local\Temp\scoped_dir14368_7972}, takesHeapSnapshot=true, pageLoadStrategy=normal, databaseEnabled=false, handlesAlerts=true, version=69.0.3497.100, browserConnectionEnabled=false, nativeEvents=true, webdriver.remote.sessionid=b4210ec538f3bfabf29b8d860bebc495, locationContextEnabled=true, cssSelectorsEnabled=true}]
Session ID: b4210ec538f3bfabf29b8d860bebc495
*** Element info: {Using=css selector, value=#C2__BUT_20C9A55710F99F9293695_Rnull}">
      <![CDATA[java.lang.Exception: Error while clicking View My policy button : org.openqa.selenium.NoSuchElementException: no such element: Unable to locate element: {"method":"css selector","selector":"#C2__BUT_20C9A55710F99F9293695_Rnull"}
  (Session info: chrome=69.0.3497.100)
  (Driver info: chromedriver=2.35.528161 (5b82f2d2aae0ca24b877009200ced9065a772e73),platform=Windows NT 10.0.15063 x86_64) (WARNING: The server did not provide any stacktrace information)
Command duration or timeout: 30 milliseconds
For documentation on this error, please visit: http://seleniumhq.org/exceptions/no_such_element.html
Build info: version: '3.4.0', revision: 'unknown', time: 'unknown'
System info: host: 'ASPIREHYD119', ip: '192.168.71.124', os.name: 'Windows 10', os.arch: 'amd64', os.version: '10.0', java.version: '1.8.0_77'
Driver info: org.openqa.selenium.remote.RemoteWebDriver
Capabilities [{mobileEmulationEnabled=false, hasTouchScreen=false, platform=XP, acceptSslCerts=false, acceptInsecureCerts=false, webStorageEnabled=true, browserName=chrome, takesScreenshot=true, javascriptEnabled=true, setWindowRect=true, unexpectedAlertBehaviour=, applicationCacheEnabled=false, rotatable=false, networkConnectionEnabled=false, chrome={chromedriverVersion=2.35.528161 (5b82f2d2aae0ca24b877009200ced9065a772e73), userDataDir=C:\Users\VENKAT~1.BHA\AppData\Local\Temp\scoped_dir14368_7972}, takesHeapSnapshot=true, pageLoadStrategy=normal, databaseEnabled=false, handlesAlerts=true, version=69.0.3497.100, browserConnectionEnabled=false, nativeEvents=true, webdriver.remote.sessionid=b4210ec538f3bfabf29b8d860bebc495, locationContextEnabled=true, cssSelectorsEnabled=true}]
Session ID: b4210ec538f3bfabf29b8d860bebc495
*** Element info: {Using=css selector, value=#C2__BUT_20C9A55710F99F9293695_Rnull}
	at com.pure.selfservice.pages.CustomerDashboardPage.clickViewMYPolicyButton(CustomerDashboardPage.java:2318)
	at com.pure.Renewals.Renewal_20385_Motor.TC_20529(Renewal_20385_Motor.java:1556)
	at sun.reflect.NativeMethodAccessorImpl.invoke0(Native Method)
	at sun.reflect.NativeMethodAccessorImpl.invoke(Unknown Source)
	at sun.reflect.DelegatingMethodAccessorImpl.invoke(Unknown Source)
	at java.lang.reflect.Method.invoke(Unknown Source)
	at org.testng.internal.MethodInvocationHelper.invokeMethod(MethodInvocationHelper.java:84)
	at org.testng.internal.Invoker.invokeMethod(Invoker.java:714)
	at org.testng.internal.Invoker.invokeTestMethod(Invoker.java:901)
	at org.testng.internal.TestMethodWithDataProviderMethodWorker.call(TestMethodWithDataProviderMethodWorker.java:73)
	at org.testng.internal.TestMethodWithDataProviderMethodWorker.call(TestMethodWithDataProviderMethodWorker.java:14)
	at java.util.concurrent.FutureTask.run(Unknown Source)
	at java.util.concurrent.Executors$RunnableAdapter.call(Unknown Source)
	at java.util.concurrent.FutureTask.run(Unknown Source)
	at java.util.concurrent.ThreadPoolExecutor.runWorker(Unknown Source)
	at java.util.concurrent.ThreadPoolExecutor$Worker.run(Unknown Source)
	at java.lang.Thread.run(Unknown Source)
]]>
    </failure>
  </testcase> <!-- TC_20529 -->
  <testcase name="TC_20530" time="122.271" classname="com.pure.Renewals.Renewal_20385_Motor"/>
  <testcase name="TC_20531" time="165.506" classname="com.pure.Renewals.Renewal_20385_Motor"/>
  <testcase name="TC_20532" time="146.837" classname="com.pure.Renewals.Renewal_20385_Motor"/>
  <testcase name="TC_20533" time="121.946" classname="com.pure.Renewals.Renewal_20385_Motor"/>
  <testcase name="TC_20534" time="111.33" classname="com.pure.Renewals.Renewal_20385_Motor"/>
  <testcase name="TC_20535" time="164.634" classname="com.pure.Renewals.Renewal_20385_Motor"/>
  <testcase name="TC_20536" time="111.51" classname="com.pure.Renewals.Renewal_20385_Motor"/>
  <testcase name="TC_20537" time="135.079" classname="com.pure.Renewals.Renewal_20385_Motor"/>
  <testcase name="TC_20539" time="153.07" classname="com.pure.Renewals.Renewal_20385_Motor"/>
  <testcase name="TC_20540" time="31.265" classname="com.pure.Renewals.Renewal_20385_Motor"/>
  <testcase name="TC_20541" time="34.475" classname="com.pure.Renewals.Renewal_20385_Motor"/>
  <testcase name="TC_20542" time="43.475" classname="com.pure.Renewals.Renewal_20385_Motor"/>
  <testcase name="TC_20543" time="126.216" classname="com.pure.Renewals.Renewal_20385_Motor"/>
  <testcase name="TC_20544" time="55.595" classname="com.pure.Renewals.Renewal_20385_Motor"/>
  <testcase name="TC_20545" time="60.619" classname="com.pure.Renewals.Renewal_20385_Motor"/>
  <testcase name="TC_20546" time="75.673" classname="com.pure.Renewals.Renewal_20385_Motor"/>
  <testcase name="TC_20547" time="69.407" classname="com.pure.Renewals.Renewal_20385_Motor"/>
  <testcase name="TC_20548" time="85.651" classname="com.pure.Renewals.Renewal_20385_Motor"/>
  <testcase name="TC_20551" time="139.078" classname="com.pure.Renewals.Renewal_20385_Motor"/>
  <testcase name="TC_20591" time="88.181" classname="com.pure.Renewals.Renewal_20385_Motor"/>
  <testcase name="TC_20657" time="168.318" classname="com.pure.Renewals.Renewal_20385_Motor"/>
  <testcase name="TC_20658" time="129.765" classname="com.pure.Renewals.Renewal_20385_Motor"/>
</testsuite> <!-- UXP_PBPhase2 -->
