<?xml version="1.0" encoding="UTF-8"?>
<!-- Generated by org.testng.reporters.JUnitXMLReporter -->
<testsuite hostname="Aspirenav207" ignored="13" name="UXP_EC_REGRESSION" tests="1" failures="0" timestamp="22 Jul 2018 11:05:30 GMT" time="0.653" errors="0">
  <testcase name="TC_007" time="0.0" classname="com.ssp.testscripts.regression.UXP_EC_MTA">
    <skipped/>
  </testcase> <!-- TC_007 -->
  <testcase name="TC_010" time="0.0" classname="com.ssp.testscripts.regression.UXP_EC_MTA">
    <ignored/>
  </testcase> <!-- TC_010 -->
  <testcase name="TC_003" time="0.0" classname="com.ssp.testscripts.regression.UXP_EC_MTA">
    <ignored/>
  </testcase> <!-- TC_003 -->
  <testcase name="TC_014" time="0.0" classname="com.ssp.testscripts.regression.UXP_EC_MTA">
    <ignored/>
  </testcase> <!-- TC_014 -->
  <testcase name="TC_011" time="0.0" classname="com.ssp.testscripts.regression.UXP_EC_MTA">
    <ignored/>
  </testcase> <!-- TC_011 -->
  <testcase name="TC_001" time="0.0" classname="com.ssp.testscripts.regression.UXP_EC_MTA">
    <ignored/>
  </testcase> <!-- TC_001 -->
  <testcase name="TC_012" time="0.0" classname="com.ssp.testscripts.regression.UXP_EC_MTA">
    <ignored/>
  </testcase> <!-- TC_012 -->
  <testcase name="TC_006" time="0.0" classname="com.ssp.testscripts.regression.UXP_EC_MTA">
    <ignored/>
  </testcase> <!-- TC_006 -->
  <testcase name="TC_004" time="0.0" classname="com.ssp.testscripts.regression.UXP_EC_MTA">
    <ignored/>
  </testcase> <!-- TC_004 -->
  <testcase name="TC_016" time="0.0" classname="com.ssp.testscripts.regression.UXP_EC_MTA">
    <ignored/>
  </testcase> <!-- TC_016 -->
  <testcase name="TC_005" time="0.0" classname="com.ssp.testscripts.regression.UXP_EC_MTA">
    <ignored/>
  </testcase> <!-- TC_005 -->
  <testcase name="TC_008" time="0.0" classname="com.ssp.testscripts.regression.UXP_EC_MTA">
    <ignored/>
  </testcase> <!-- TC_008 -->
  <testcase name="TC_009" time="0.0" classname="com.ssp.testscripts.regression.UXP_EC_MTA">
    <ignored/>
  </testcase> <!-- TC_009 -->
  <testcase name="TC_013" time="0.0" classname="com.ssp.testscripts.regression.UXP_EC_MTA">
    <ignored/>
  </testcase> <!-- TC_013 -->
</testsuite> <!-- UXP_EC_REGRESSION -->
