<?xml version="1.0" encoding="UTF-8"?>
<!-- Generated by org.testng.reporters.JUnitXMLReporter -->
<testsuite hostname="Aspirenav207" ignored="19" name="UXP_WJ" tests="1" failures="0" timestamp="21 Jul 2018 08:18:09 GMT" time="65.302" errors="0">
  <testcase name="tcHoodWJ002" time="61.476" classname="com.ssp.testscripts.smoke.UXP_WJ"/>
  <testcase name="tcHoodWJ020" time="0.0" classname="com.ssp.testscripts.smoke.UXP_WJ">
    <ignored/>
  </testcase> <!-- tcHoodWJ020 -->
  <testcase name="tcHoodWJ018" time="0.0" classname="com.ssp.testscripts.smoke.UXP_WJ">
    <ignored/>
  </testcase> <!-- tcHoodWJ018 -->
  <testcase name="tcHoodWJ007" time="0.0" classname="com.ssp.testscripts.smoke.UXP_WJ">
    <ignored/>
  </testcase> <!-- tcHoodWJ007 -->
  <testcase name="tcHoodWJ008" time="0.0" classname="com.ssp.testscripts.smoke.UXP_WJ">
    <ignored/>
  </testcase> <!-- tcHoodWJ008 -->
  <testcase name="tcHoodWJ019" time="0.0" classname="com.ssp.testscripts.smoke.UXP_WJ">
    <ignored/>
  </testcase> <!-- tcHoodWJ019 -->
  <testcase name="tcHoodWJ009" time="0.0" classname="com.ssp.testscripts.smoke.UXP_WJ">
    <ignored/>
  </testcase> <!-- tcHoodWJ009 -->
  <testcase name="tcHoodWJ003" time="0.0" classname="com.ssp.testscripts.smoke.UXP_WJ">
    <ignored/>
  </testcase> <!-- tcHoodWJ003 -->
  <testcase name="tcHoodWJ014" time="0.0" classname="com.ssp.testscripts.smoke.UXP_WJ">
    <ignored/>
  </testcase> <!-- tcHoodWJ014 -->
  <testcase name="tcHoodWJ015" time="0.0" classname="com.ssp.testscripts.smoke.UXP_WJ">
    <ignored/>
  </testcase> <!-- tcHoodWJ015 -->
  <testcase name="tcHoodWJ004" time="0.0" classname="com.ssp.testscripts.smoke.UXP_WJ">
    <ignored/>
  </testcase> <!-- tcHoodWJ004 -->
  <testcase name="tcHoodWJ005" time="0.0" classname="com.ssp.testscripts.smoke.UXP_WJ">
    <ignored/>
  </testcase> <!-- tcHoodWJ005 -->
  <testcase name="tcHoodWJ016" time="0.0" classname="com.ssp.testscripts.smoke.UXP_WJ">
    <ignored/>
  </testcase> <!-- tcHoodWJ016 -->
  <testcase name="tcHoodWJ010" time="0.0" classname="com.ssp.testscripts.smoke.UXP_WJ">
    <ignored/>
  </testcase> <!-- tcHoodWJ010 -->
  <testcase name="tcHoodWJ011" time="0.0" classname="com.ssp.testscripts.smoke.UXP_WJ">
    <ignored/>
  </testcase> <!-- tcHoodWJ011 -->
  <testcase name="tcHoodWJ012" time="0.0" classname="com.ssp.testscripts.smoke.UXP_WJ">
    <ignored/>
  </testcase> <!-- tcHoodWJ012 -->
  <testcase name="tcHoodWJ001" time="0.0" classname="com.ssp.testscripts.smoke.UXP_WJ">
    <ignored/>
  </testcase> <!-- tcHoodWJ001 -->
  <testcase name="tcHoodWJ013" time="0.0" classname="com.ssp.testscripts.smoke.UXP_WJ">
    <ignored/>
  </testcase> <!-- tcHoodWJ013 -->
  <testcase name="tcHoodWJ017" time="0.0" classname="com.ssp.testscripts.smoke.UXP_WJ">
    <ignored/>
  </testcase> <!-- tcHoodWJ017 -->
  <testcase name="tcHoodWJ006" time="0.0" classname="com.ssp.testscripts.smoke.UXP_WJ">
    <ignored/>
  </testcase> <!-- tcHoodWJ006 -->
</testsuite> <!-- UXP_WJ -->
