<?xml version="1.0" encoding="UTF-8"?>
<!-- Generated by org.testng.reporters.JUnitXMLReporter -->
<testsuite hostname="IN00217" ignored="18" name="UXP_EC_SMOKE" tests="1" failures="0" timestamp="29 Jun 2018 06:08:30 GMT" time="610.126" errors="0">
  <testcase name="TC_019" time="606.715" classname="com.ssp.testscripts.smoke.UXP_EC_SMOKE"/>
  <testcase name="TC_021" time="0.0" classname="com.ssp.testscripts.smoke.UXP_EC_SMOKE">
    <ignored/>
  </testcase> <!-- TC_021 -->
  <testcase name="TC_010" time="0.0" classname="com.ssp.testscripts.smoke.UXP_EC_SMOKE">
    <ignored/>
  </testcase> <!-- TC_010 -->
  <testcase name="TC_015" time="0.0" classname="com.ssp.testscripts.smoke.UXP_EC_SMOKE">
    <ignored/>
  </testcase> <!-- TC_015 -->
  <testcase name="TC_004" time="0.0" classname="com.ssp.testscripts.smoke.UXP_EC_SMOKE">
    <ignored/>
  </testcase> <!-- TC_004 -->
  <testcase name="TC_018" time="0.0" classname="com.ssp.testscripts.smoke.UXP_EC_SMOKE">
    <ignored/>
  </testcase> <!-- TC_018 -->
  <testcase name="TC_007" time="0.0" classname="com.ssp.testscripts.smoke.UXP_EC_SMOKE">
    <ignored/>
  </testcase> <!-- TC_007 -->
  <testcase name="TC_006" time="0.0" classname="com.ssp.testscripts.smoke.UXP_EC_SMOKE">
    <ignored/>
  </testcase> <!-- TC_006 -->
  <testcase name="TC_001" time="0.0" classname="com.ssp.testscripts.smoke.UXP_EC_SMOKE">
    <ignored/>
  </testcase> <!-- TC_001 -->
  <testcase name="TC_011" time="0.0" classname="com.ssp.testscripts.smoke.UXP_EC_SMOKE">
    <ignored/>
  </testcase> <!-- TC_011 -->
  <testcase name="TC_003" time="0.0" classname="com.ssp.testscripts.smoke.UXP_EC_SMOKE">
    <ignored/>
  </testcase> <!-- TC_003 -->
  <testcase name="TC_014" time="0.0" classname="com.ssp.testscripts.smoke.UXP_EC_SMOKE">
    <ignored/>
  </testcase> <!-- TC_014 -->
  <testcase name="TC_002" time="0.0" classname="com.ssp.testscripts.smoke.UXP_EC_SMOKE">
    <ignored/>
  </testcase> <!-- TC_002 -->
  <testcase name="TC_013" time="0.0" classname="com.ssp.testscripts.smoke.UXP_EC_SMOKE">
    <ignored/>
  </testcase> <!-- TC_013 -->
  <testcase name="TC_009" time="0.0" classname="com.ssp.testscripts.smoke.UXP_EC_SMOKE">
    <ignored/>
  </testcase> <!-- TC_009 -->
  <testcase name="TC_008" time="0.0" classname="com.ssp.testscripts.smoke.UXP_EC_SMOKE">
    <ignored/>
  </testcase> <!-- TC_008 -->
  <testcase name="TC_016" time="0.0" classname="com.ssp.testscripts.smoke.UXP_EC_SMOKE">
    <ignored/>
  </testcase> <!-- TC_016 -->
  <testcase name="TC_005" time="0.0" classname="com.ssp.testscripts.smoke.UXP_EC_SMOKE">
    <ignored/>
  </testcase> <!-- TC_005 -->
  <testcase name="TC_027" time="0.0" classname="com.ssp.testscripts.smoke.UXP_EC_SMOKE">
    <ignored/>
  </testcase> <!-- TC_027 -->
</testsuite> <!-- UXP_EC_SMOKE -->
