<?xml version="1.0" encoding="UTF-8"?>
<testng-results skipped="0" failed="0" ignored="0" total="2" passed="2">
  <reporter-output>
  </reporter-output>
  <suite name="Suite" duration-ms="47" started-at="2017-09-10T12:04:24Z" finished-at="2017-09-10T12:04:24Z">
    <groups>
    </groups>
    <test name="Test" duration-ms="47" started-at="2017-09-10T12:04:24Z" finished-at="2017-09-10T12:04:24Z">
      <class name="testng.FailedTest">
        <test-method status="PASS" signature="runFail()[pri:0, instance:testng.FailedTest@11053e1]" name="runFail" duration-ms="0" started-at="2017-09-10T17:34:24Z" finished-at="2017-09-10T17:34:24Z">
          <reporter-output>
          </reporter-output>
        </test-method> <!-- runFail -->
      </class> <!-- testng.FailedTest -->
      <class name="testng.PassedTest">
        <test-method status="PASS" signature="run()[pri:0, instance:testng.PassedTest@1341870]" name="run" duration-ms="15" started-at="2017-09-10T17:34:24Z" finished-at="2017-09-10T17:34:24Z">
          <reporter-output>
          </reporter-output>
        </test-method> <!-- run -->
      </class> <!-- testng.PassedTest -->
    </test> <!-- Test -->
  </suite> <!-- Suite -->
</testng-results>
