<?xml version="1.0" encoding="UTF-8"?>
<!-- Generated by org.testng.reporters.JUnitReportReporter -->
<testsuite skipped="0" hostname="aspirehyd119" name="com.pure.Renewals.Renewal_18688_Household" tests="2" failures="0" timestamp="04 Sep 2018 06:49:38 GMT" time="215.982" errors="2">
  <testcase name="TC_21954" time="208.408" classname="com.pure.Renewals.Renewal_18688_Household">
    <error type="java.lang.Exception" message="Exception while performing Signin : java.lang.Exception: Error while clicking Sign in button : org.openqa.selenium.WebDriverException: unknown error: Element &lt;button title=&quot;...&quot; onclick=&quot;return ajaxButtonAction(&#039;C2__email_address|C2__password&#039;, &#039;C2____3D8461446F669061 FormButton 30&#039;, &#039;C2__sign_in&#039;, true, null, &#039;&#039;, &#039;servletcontroller&#039;, &#039;&#039;, true, true, &#039;&#039;);&quot; type=&quot;button&quot; name=&quot;C2____3D8461446F669061 FormButton 30&quot; onmouseover=&quot;this.style.cursor=&#039;pointer&#039;&quot; value=&quot;Log in&quot; class=&quot;btn ajax-spinner  btn-success btn-rounded  signin_btn ga-push-data ga-push-data-before&quot; id=&quot;C2__sign_in&quot; disabled=&quot;&quot;&gt;Log in&lt;/button&gt; is not clickable at point (1070, 578). Other element would receive the click: &lt;div&gt;...&lt;/div&gt;
  (Session info: chrome=68.0.3440.106)
  (Driver info: chromedriver=2.35.528161 (5b82f2d2aae0ca24b877009200ced9065a772e73),platform=Windows NT 10.0.15063 x86_64) (WARNING: The server did not provide any stacktrace information)
Command duration or timeout: 114 milliseconds
Build info: version: &#039;3.4.0&#039;, revision: &#039;unknown&#039;, time: &#039;unknown&#039;
System info: host: &#039;ASPIREHYD119&#039;, ip: &#039;192.168.71.135&#039;, os.name: &#039;Windows 10&#039;, os.arch: &#039;amd64&#039;, os.version: &#039;10.0&#039;, java.version: &#039;1.8.0_77&#039;
Driver info: org.openqa.selenium.remote.RemoteWebDriver
Capabilities [{mobileEmulationEnabled=false, hasTouchScreen=false, platform=XP, acceptSslCerts=false, acceptInsecureCerts=false, webStorageEnabled=true, browserName=chrome, takesScreenshot=true, javascriptEnabled=true, setWindowRect=true, unexpectedAlertBehaviour=, applicationCacheEnabled=false, rotatable=false, networkConnectionEnabled=false, chrome={chromedriverVersion=2.35.528161 (5b82f2d2aae0ca24b877009200ced9065a772e73), userDataDir=C:\Users\VENKAT~1.BHA\AppData\Local\Temp\scoped_dir11112_23250}, takesHeapSnapshot=true, pageLoadStrategy=normal, databaseEnabled=false, handlesAlerts=true, version=68.0.3440.106, browserConnectionEnabled=false, nativeEvents=true, webdriver.remote.sessionid=1ef5bf92d51850a8a094724401b01317, locationContextEnabled=true, cssSelectorsEnabled=true}]
Session ID: 1ef5bf92d51850a8a094724401b01317">
      <![CDATA[java.lang.Exception: Exception while performing Signin : java.lang.Exception: Error while clicking Sign in button : org.openqa.selenium.WebDriverException: unknown error: Element <button title="..." onclick="return ajaxButtonAction('C2__email_address|C2__password', 'C2____3D8461446F669061 FormButton 30', 'C2__sign_in', true, null, '', 'servletcontroller', '', true, true, '');" type="button" name="C2____3D8461446F669061 FormButton 30" onmouseover="this.style.cursor='pointer'" value="Log in" class="btn ajax-spinner  btn-success btn-rounded  signin_btn ga-push-data ga-push-data-before" id="C2__sign_in" disabled="">Log in</button> is not clickable at point (1070, 578). Other element would receive the click: <div>...</div>
  (Session info: chrome=68.0.3440.106)
  (Driver info: chromedriver=2.35.528161 (5b82f2d2aae0ca24b877009200ced9065a772e73),platform=Windows NT 10.0.15063 x86_64) (WARNING: The server did not provide any stacktrace information)
Command duration or timeout: 114 milliseconds
Build info: version: '3.4.0', revision: 'unknown', time: 'unknown'
System info: host: 'ASPIREHYD119', ip: '192.168.71.135', os.name: 'Windows 10', os.arch: 'amd64', os.version: '10.0', java.version: '1.8.0_77'
Driver info: org.openqa.selenium.remote.RemoteWebDriver
Capabilities [{mobileEmulationEnabled=false, hasTouchScreen=false, platform=XP, acceptSslCerts=false, acceptInsecureCerts=false, webStorageEnabled=true, browserName=chrome, takesScreenshot=true, javascriptEnabled=true, setWindowRect=true, unexpectedAlertBehaviour=, applicationCacheEnabled=false, rotatable=false, networkConnectionEnabled=false, chrome={chromedriverVersion=2.35.528161 (5b82f2d2aae0ca24b877009200ced9065a772e73), userDataDir=C:\Users\VENKAT~1.BHA\AppData\Local\Temp\scoped_dir11112_23250}, takesHeapSnapshot=true, pageLoadStrategy=normal, databaseEnabled=false, handlesAlerts=true, version=68.0.3440.106, browserConnectionEnabled=false, nativeEvents=true, webdriver.remote.sessionid=1ef5bf92d51850a8a094724401b01317, locationContextEnabled=true, cssSelectorsEnabled=true}]
Session ID: 1ef5bf92d51850a8a094724401b01317
at com.pure.selfservice.pages.CustomerSignInPage.loginToSSCustomerDashboard(CustomerSignInPage.java:180)
at com.pure.Renewals.Renewal_18688_Household.TC_21954(Renewal_18688_Household.java:73)
at sun.reflect.NativeMethodAccessorImpl.invoke0(Native Method)
at sun.reflect.NativeMethodAccessorImpl.invoke(Unknown Source)
at sun.reflect.DelegatingMethodAccessorImpl.invoke(Unknown Source)
at java.lang.reflect.Method.invoke(Unknown Source)
at org.testng.internal.MethodInvocationHelper.invokeMethod(MethodInvocationHelper.java:124)
at org.testng.internal.Invoker.invokeMethod(Invoker.java:580)
at org.testng.internal.Invoker.invokeTestMethod(Invoker.java:716)
at org.testng.internal.TestMethodWithDataProviderMethodWorker.call(TestMethodWithDataProviderMethodWorker.java:71)
at org.testng.internal.TestMethodWithDataProviderMethodWorker.call(TestMethodWithDataProviderMethodWorker.java:14)
at java.util.concurrent.FutureTask.run(Unknown Source)
at java.util.concurrent.Executors$RunnableAdapter.call(Unknown Source)
at java.util.concurrent.FutureTask.run(Unknown Source)
at java.util.concurrent.ThreadPoolExecutor.runWorker(Unknown Source)
at java.util.concurrent.ThreadPoolExecutor$Worker.run(Unknown Source)
at java.lang.Thread.run(Unknown Source)
]]>
    </error>
  </testcase> <!-- TC_21954 -->
  <testcase name="afterSuite" time="7.574" classname="com.pure.Renewals.Renewal_18688_Household">
    <error type="java.lang.NullPointerException">
      <![CDATA[java.lang.NullPointerException
at com.generic.utils.FileUtils.copyFile(FileUtils.java:47)
at com.generic.support.BaseTest.afterSuite(BaseTest.java:72)
at sun.reflect.NativeMethodAccessorImpl.invoke0(Native Method)
at sun.reflect.NativeMethodAccessorImpl.invoke(Unknown Source)
at sun.reflect.DelegatingMethodAccessorImpl.invoke(Unknown Source)
at java.lang.reflect.Method.invoke(Unknown Source)
at org.testng.internal.MethodInvocationHelper.invokeMethod(MethodInvocationHelper.java:124)
at org.testng.internal.MethodInvocationHelper.invokeMethodConsideringTimeout(MethodInvocationHelper.java:59)
at org.testng.internal.Invoker.invokeConfigurationMethod(Invoker.java:455)
at org.testng.internal.Invoker.invokeConfigurations(Invoker.java:222)
at org.testng.internal.Invoker.invokeConfigurations(Invoker.java:142)
at org.testng.SuiteRunner.privateRun(SuiteRunner.java:425)
at org.testng.SuiteRunner.run(SuiteRunner.java:364)
at org.testng.SuiteRunnerWorker.runSuite(SuiteRunnerWorker.java:52)
at org.testng.SuiteRunnerWorker.run(SuiteRunnerWorker.java:84)
at org.testng.TestNG.runSuitesSequentially(TestNG.java:1208)
at org.testng.TestNG.runSuitesLocally(TestNG.java:1137)
at org.testng.TestNG.runSuites(TestNG.java:1049)
at org.testng.TestNG.run(TestNG.java:1017)
at org.testng.remote.AbstractRemoteTestNG.run(AbstractRemoteTestNG.java:114)
at org.testng.remote.RemoteTestNG.initAndRun(RemoteTestNG.java:251)
at org.testng.remote.RemoteTestNG.main(RemoteTestNG.java:77)
]]>
    </error>
  </testcase> <!-- afterSuite -->
</testsuite> <!-- com.pure.Renewals.Renewal_18688_Household -->
